2019-05-21 15:36:52.005 UTC INFO [snaService] Starting, configuration file: ./kvroot/config.xml
2019-05-21 15:36:52.032 UTC INFO [snaService] Setting java.net.InetAddress cache ttl to: networkaddress.cache.ttl=-1 networkaddress.cache.negative.ttl=-1
2019-05-21 15:36:52.039 UTC INFO [snaService] RMI registry serial filter is configured as: sun.rmi.registry.registryFilter=oracle.kv.**;java.lang.Enum
2019-05-21 15:36:52.039 UTC INFO [snaService] Loading security configuration: ./kvroot/security/security.xml
2019-05-21 15:36:52.126 UTC INFO [snaService] Creating a Registry on port slc10zbn:5000 server socket factory:<SSLServerSocketFactory backlog=100 portRange=0,0 sslControl=SSLControl[ sslParameters=javax.net.ssl.SSLParameters@617c74e5 sslContext=javax.net.ssl.SSLContext@6537cf78 sslAuthenticator=null]>
2019-05-21 15:36:52.218 UTC INFO [snaService] Successfully created secure proxy for the storage node agent
2019-05-21 15:36:52.376 UTC INFO [snaService] Bound to registry port 5000 using name snaService with SSF:<SSLServerSocketFactory backlog=1024 portRange=0,0 sslControl=SSLControl[ sslParameters=javax.net.ssl.SSLParameters@617c74e5 sslContext=javax.net.ssl.SSLContext@6537cf78 sslAuthenticator=null]>
2019-05-21 15:36:52.410 UTC INFO [snaService] Bound trusted login to registry port 5000 using name SNA:TRUSTED_LOGIN with SSF:<SSLServerSocketFactory backlog=1024 portRange=0,0 sslControl=SSLControl[ sslParameters=javax.net.ssl.SSLParameters@11438d26 sslContext=javax.net.ssl.SSLContext@34cd072c sslAuthenticator=oracle.kv.impl.security.ssl.SSLPatternAuthenticator@7a1ebcd8]>
2019-05-21 15:36:52.411 UTC INFO [snaService] Using mgmt class oracle.kv.impl.mgmt.NoOpAgent
2019-05-21 15:36:52.863 UTC INFO [snaService] BootstrapAdmin: Starting AdminService
2019-05-21 15:36:52.864 UTC INFO [snaService] BootstrapAdmin: Started AdminService
2019-05-21 15:36:52.864 UTC INFO [snaService] Service status changed from STARTING to WAITING_FOR_DEPLOY
2019-05-21 15:36:52.894 UTC INFO [snaService] AdminSecurity: authenticator KERBEROS is not initialized, no implementation found
2019-05-21 15:36:52.895 UTC INFO [snaService] AdminSecurity: authenticator IDCSOAUTH is not initialized, no implementation found
2019-05-21 15:36:52.895 UTC INFO [snaService] Starting in bootstrap mode
2019-05-21 15:36:52.895 UTC INFO [snaService] Starting admin:LOGIN on rmi://slc10zbn:5000/admin:LOGIN
2019-05-21 15:36:52.905 UTC INFO [snaService] Successfully created a secure proxy for admin:LOGIN
2019-05-21 15:36:52.932 UTC INFO [snaService] Starting commandService on rmi://slc10zbn:5000/commandService
2019-05-21 15:36:53.016 UTC INFO [snaService] Successfully created a secure proxy for commandService
2019-05-21 15:36:53.038 UTC INFO [snaService] Starting admin:CLIENT_ADMIN on rmi://slc10zbn:5000/admin:CLIENT_ADMIN
2019-05-21 15:36:53.145 UTC INFO [snaService] Successfully created a secure proxy for admin:CLIENT_ADMIN
2019-05-21 15:36:53.157 UTC INFO [snaService] Started AdminService
2019-05-21 15:36:53.157 UTC INFO [snaService] Thread returning for service BootstrapAdmin.5000
2019-05-21 15:36:54.547 UTC INFO [snaService] Changing log files to log directory for store kvstore
2019-05-21 15:36:54.731 UTC INFO [snaService] Register: root: ./kvroot, store: kvstore, hostingAdmin: true
2019-05-21 15:36:54.731 UTC INFO [snaService] System architecture is amd64
2019-05-21 15:36:54.731 UTC INFO [snaService] Setting number of CPUs to 4
2019-05-21 15:36:54.762 UTC INFO [snaService] Starting, configuration file: ./kvroot/config.xml
2019-05-21 15:36:54.765 UTC INFO [snaService] Setting java.net.InetAddress cache ttl to: networkaddress.cache.ttl=-1 networkaddress.cache.negative.ttl=-1
2019-05-21 15:36:54.776 UTC INFO [snaService] RMI registry serial filter is configured as: sun.rmi.registry.registryFilter=oracle.kv.**;java.lang.Enum
2019-05-21 15:36:54.776 UTC INFO [snaService] Loading security configuration: ./kvroot/security/security.xml
2019-05-21 15:36:54.785 UTC INFO [snaService] Registered startup, config file: ./kvroot/kvstore/sn1/config.xml
2019-05-21 15:36:54.795 UTC INFO [snaService] Changing log files to directory: ./kvroot/kvstore/log
2019-05-21 16:36:54.709 UTC INFO [snaService] SessionLifetime for TrustedLoginHandler has been updated: 86,400,000 ms
