2019-05-21 15:36:53.970 UTC INFO [admin1] Initializing PRIMARY Admin for store: kvstore
2019-05-21 15:36:53.971 UTC INFO [admin1] Created new admin environment dir: ./kvroot/kvstore/sn1/admin1/env
2019-05-21 15:36:53.974 UTC INFO [admin1] JVM Runtime maxMemory (bytes): 3357540352
2019-05-21 15:36:53.974 UTC INFO [admin1] Non-default JE properties for environment: {je.env.runVerifier=false, je.log.faultReadSize=4096, je.env.runEvictor=true, je.cleaner.minUtilization=40, je.maxDisk=3221225472, je.lock.nLockTables=97, je.cleaner.threads=2, je.log.writeQueueSize=2097152, je.evictor.criticalPercentage=20, je.log.iteratorReadSize=1048576, je.log.numBuffers=16, je.nodeMaxEntries=128, je.lock.timeout=10 s, je.cleaner.minFileUtilization=5, je.txn.durability=write_no_sync,write_no_sync,simple_majority, je.cleaner.readSize=1048576, je.log.fileCacheSize=2000, je.log.fileMax=52428800}
2019-05-21 15:36:53.982 UTC INFO [admin1] DataChannelFactory: ssl
2019-05-21 15:36:53.985 UTC INFO [admin1] AdminStateTracker thread start: admin1
2019-05-21 15:36:54.285 UTC INFO [admin1] JE recovery: POPULATE_UTILIZATION_PROFILE
2019-05-21 15:36:54.309 UTC INFO [admin1] JE recovery: POPULATE_EXPIRATION_PROFILE
2019-05-21 15:36:54.312 UTC INFO [admin1] JE recovery: REMOVE_TEMP_DBS
2019-05-21 15:36:54.322 UTC INFO [admin1] JE recovery: CKPT
2019-05-21 15:36:54.344 UTC INFO [admin1] JE recovery: RECOVERY_FINISHED
2019-05-21 15:36:54.360 UTC INFO [admin1] JE: No server auth method
2019-05-21 15:36:54.360 UTC INFO [admin1] JE: Started ServiceDispatcher. HostPort=slc10zbn:5005
2019-05-21 15:36:54.360 UTC INFO [admin1] JE: DataChannel factory: com.sleepycat.je.rep.utilint.net.SSLChannelFactory
2019-05-21 15:36:54.394 UTC INFO [admin1] JE: DTVLSN at start:0
2019-05-21 15:36:54.395 UTC INFO [admin1] JE: node:NullNode(-1) state change from DETACHED to UNKNOWN
2019-05-21 15:36:54.405 UTC INFO [admin1] JE: Current group size: 0
2019-05-21 15:36:54.405 UTC INFO [admin1] JE: New node 1(-1) unknown to rep group
2019-05-21 15:36:54.406 UTC INFO [admin1] JE: Master changed to 1
2019-05-21 15:36:54.406 UTC INFO [admin1] JE: Nascent group. 1 is master by virtue of being the first node.
2019-05-21 15:36:54.406 UTC INFO [admin1] JE: node:1(1) state change from UNKNOWN to MASTER
2019-05-21 15:36:54.430 UTC INFO [admin1] JE: Successfully added node:1(1) HostPort = slc10zbn: 5005 [ELECTABLE]
2019-05-21 15:36:54.437 UTC INFO [admin1] JE: Updated minimum JE group version to 7.5.0
2019-05-21 15:36:54.441 UTC INFO [admin1] JE recovery: BECOME_CONSISTENT
2019-05-21 15:36:54.441 UTC INFO [admin1] JE: Node 1 started
2019-05-21 15:36:54.441 UTC INFO [admin1] JE: node:NullNode(-1) state change from MASTER to UNKNOWN
2019-05-21 15:36:54.442 UTC INFO [admin1] JE: node:1(1) state change from UNKNOWN to MASTER
2019-05-21 15:36:54.442 UTC INFO [admin1] JE: Feeder manager accepting requests.
2019-05-21 15:36:54.443 UTC INFO [admin1] JE: Joining group as master
2019-05-21 15:36:54.446 UTC INFO [admin1] State change event: Tue May 21 08:36:54 PDT 2019, State: MASTER, Type: PRIMARY, Master: 1
2019-05-21 15:36:54.446 UTC INFO [admin1] AdminStateTracker queue added:MASTER
2019-05-21 15:36:54.450 UTC INFO [admin1] Initializing Admin Schema to schema version 5/NoSQL DB 18.1.19 2018-09-12 09:31:32 UTC  Build id: 2b4f4397f6d0 Edition: Community
2019-05-21 15:36:54.464 UTC INFO [admin1] Initialize stores at schema version 5, readOnly=false
2019-05-21 15:36:54.469 UTC INFO [admin1] Open: AdminCriticalEventsDatabase
2019-05-21 15:36:54.471 UTC INFO [admin1] Open: AdminParametersDatabase
2019-05-21 15:36:54.472 UTC INFO [admin1] Open: AdminMemoDatabase
2019-05-21 15:36:54.474 UTC INFO [admin1] Open: AdminPlanDatabase
2019-05-21 15:36:54.476 UTC INFO [admin1] Open: AdminSecurityDatabase
2019-05-21 15:36:54.478 UTC INFO [admin1] Open: AdminTableDatabase
2019-05-21 15:36:54.480 UTC INFO [admin1] Open: AdminTopologyHistoryDatabase
2019-05-21 15:36:54.481 UTC INFO [admin1] Open: AdminTopologyCandidateDatabase
2019-05-21 15:36:54.482 UTC INFO [admin1] Shutting down monitor collector
2019-05-21 15:36:54.486 UTC INFO [admin1] Initializing Admin database
2019-05-21 15:36:54.512 UTC INFO [admin1] Admin database initialized
2019-05-21 15:36:54.544 UTC INFO [admin1] Starting Thread[System table monitor,5,RMI Runtime]
2019-05-21 15:36:54.546 UTC INFO [admin1] Replicated environment handle established. Cache size: 2014524211, State: MASTER
2019-05-21 15:36:54.552 UTC INFO [admin1] Configured Admin for store: kvstore
2019-05-21 15:36:54.602 UTC INFO [admin1] Plan 1 [Deploy KVLite] approved
2019-05-21 15:36:54.612 UTC INFO [admin1] Plan 1 [Deploy KVLite] started, 1 tasks
2019-05-21 15:36:54.625 UTC INFO [admin1] Plan 1 [Deploy KVLite] task [DeployDatacenter zone=KVLite] [1] started
2019-05-21 15:36:54.631 UTC INFO [admin1] Plan 1 [Deploy KVLite] task [DeployDatacenter zone=KVLite] [1] ended, state=SUCCEEDED
2019-05-21 15:36:54.636 UTC SEC_INFO [admin1] KVAuditInfo [Plan 1 [Deploy KVLite], owned by , executed by  from 10.196.54.182 ended, state=SUCCEEDED]
2019-05-21 15:36:54.696 UTC INFO [admin1] Plan 2 [Deploy Storage Node] approved
2019-05-21 15:36:54.698 UTC INFO [admin1] Plan 2 [Deploy Storage Node] started, 1 tasks
2019-05-21 15:36:54.708 UTC INFO [admin1] Plan 2 [Deploy Storage Node] task [DeploySN sn1(slc10zbn:5000)] [1] started
2019-05-21 15:36:54.717 UTC INFO [admin1] Plan 3 [SYS$Create system table SYS$IndexStatsLease] approved
2019-05-21 15:36:54.721 UTC INFO [admin1] Plan 3 [SYS$Create system table SYS$IndexStatsLease] started, 1 tasks
2019-05-21 15:36:54.731 UTC INFO [admin1] Plan 3 [SYS$Create system table SYS$IndexStatsLease] task [AddTable SYS$IndexStatsLease] [1] started
2019-05-21 15:36:54.733 UTC INFO [admin1] Plan 4 [SYS$Create system table SYS$TableStatsPartition] approved
2019-05-21 15:36:54.741 UTC INFO [admin1] Plan 4 [SYS$Create system table SYS$TableStatsPartition] started, 1 tasks
2019-05-21 15:36:54.745 UTC INFO [admin1] Plan 5 [SYS$Create system table SYS$PartitionStatsLease] approved
2019-05-21 15:36:54.748 UTC INFO [admin1] Plan 4 [SYS$Create system table SYS$TableStatsPartition] task [AddTable SYS$TableStatsPartition] [1] started
2019-05-21 15:36:54.760 UTC INFO [admin1] Plan 5 [SYS$Create system table SYS$PartitionStatsLease] started, 1 tasks
2019-05-21 15:36:54.765 UTC INFO [admin1] Plan 3 [SYS$Create system table SYS$IndexStatsLease] task [AddTable SYS$IndexStatsLease] [1] ended, state=SUCCEEDED
2019-05-21 15:36:54.767 UTC INFO [admin1] Plan 5 [SYS$Create system table SYS$PartitionStatsLease] task [AddTable SYS$PartitionStatsLease] [1] started
2019-05-21 15:36:54.770 UTC INFO [admin1] Plan 3 [SYS$Create system table SYS$IndexStatsLease] ended, state=SUCCEEDED
2019-05-21 15:36:54.770 UTC INFO [admin1] Plan 6 [SYS$Create system table SYS$TableStatsIndex] approved
2019-05-21 15:36:54.770 UTC INFO [admin1] Plan 6 [SYS$Create system table SYS$TableStatsIndex] started, 1 tasks
2019-05-21 15:36:54.774 UTC INFO [admin1] Plan 4 [SYS$Create system table SYS$TableStatsPartition] task [AddTable SYS$TableStatsPartition] [1] ended, state=SUCCEEDED
2019-05-21 15:36:54.782 UTC INFO [admin1] Plan 4 [SYS$Create system table SYS$TableStatsPartition] ended, state=SUCCEEDED
2019-05-21 15:36:54.784 UTC INFO [admin1] Plan 6 [SYS$Create system table SYS$TableStatsIndex] task [AddTable SYS$TableStatsIndex] [1] started
2019-05-21 15:36:54.789 UTC INFO [admin1] Plan 5 [SYS$Create system table SYS$PartitionStatsLease] task [AddTable SYS$PartitionStatsLease] [1] ended, state=SUCCEEDED
2019-05-21 15:36:54.794 UTC INFO [admin1] Plan 5 [SYS$Create system table SYS$PartitionStatsLease] ended, state=SUCCEEDED
2019-05-21 15:36:54.806 UTC INFO [admin1] Plan 6 [SYS$Create system table SYS$TableStatsIndex] task [AddTable SYS$TableStatsIndex] [1] ended, state=SUCCEEDED
2019-05-21 15:36:54.809 UTC INFO [admin1] Plan 6 [SYS$Create system table SYS$TableStatsIndex] ended, state=SUCCEEDED
2019-05-21 15:36:54.892 UTC INFO [admin1] Monitor collector: adding sn1 to monitoring
2019-05-21 15:36:54.908 UTC INFO [admin1] [sn1] Service status: RUNNING 2019-05-21 15:36:54 UTC
2019-05-21 15:36:54.918 UTC INFO [admin1] Plan 2 [Deploy Storage Node] task [DeploySN sn1(slc10zbn:5000)] [1] ended, state=SUCCEEDED
2019-05-21 15:36:54.922 UTC SEC_INFO [admin1] KVAuditInfo [Plan 2 [Deploy Storage Node], owned by , executed by  from 10.196.54.182 ended, state=SUCCEEDED]
2019-05-21 15:36:54.962 UTC INFO [admin1] Plan 7 [Deploy Admin Service] approved
2019-05-21 15:36:54.963 UTC INFO [admin1] Plan 7 [Deploy Admin Service] started, 2 tasks
2019-05-21 15:36:54.972 UTC INFO [admin1] Plan 7 [Deploy Admin Service] task [DeployAdmin admin1 on sn1] [1] started
2019-05-21 15:36:55.025 UTC INFO [admin1] newParameters called for Monitor
2019-05-21 15:36:55.026 UTC INFO [admin1] Owner of login handler has been updated with admin1
2019-05-21 15:36:55.030 UTC INFO [admin1] Plan 7 [Deploy Admin Service] task [DeployAdmin admin1 on sn1] [1] ended, state=SUCCEEDED
2019-05-21 15:36:55.030 UTC INFO [admin1] Plan 7 [Deploy Admin Service] task [WaitForAdminState admin1 to reach RUNNING] [2] started
2019-05-21 15:36:55.039 UTC INFO [admin1] Plan 7 [Deploy Admin Service] task [WaitForAdminState admin1 to reach RUNNING] [2] ended, state=SUCCEEDED
2019-05-21 15:36:55.042 UTC SEC_INFO [admin1] KVAuditInfo [Plan 7 [Deploy Admin Service], owned by , executed by  from 10.196.54.182 ended, state=SUCCEEDED]
2019-05-21 15:36:55.054 UTC INFO [admin1] Created Storage Node Pool: KVLitePool
2019-05-21 15:36:55.059 UTC INFO [admin1] Added Storage Node sn1 to pool: KVLitePool
2019-05-21 15:36:55.088 UTC INFO [admin1] KVLite has nothing to rebalance
2019-05-21 15:36:55.133 UTC INFO [admin1] Plan 8 [Deploy KVStore] approved
2019-05-21 15:36:55.137 UTC INFO [admin1] Plan 8 [Deploy KVStore] deploying topology candidate KVLite.
2019-05-21 15:36:55.140 UTC INFO [admin1] Current topology: store=kvstore  numPartitions=0 sequence=2
  zn: id=zn1 name=KVLite repFactor=1 type=PRIMARY allowArbiters=false masterAffinity=false

  sn=[sn1] zn:[id=zn1 name=KVLite] slc10zbn:5000

  numShards=0

2019-05-21 15:36:55.141 UTC INFO [admin1] Preview of changes to be executed by Plan 8 [Deploy KVStore]:
Topology transformation from current deployed topology to KVLite:
Create 1 shard 
Create 1 RN 
Create 10 partitions 

shard rg1
  1 new RN : rg1-rn1 
  10 new partitions 

2019-05-21 15:36:55.141 UTC INFO [admin1] Target topology candidate: KVLite
store=kvstore  numPartitions=10 sequence=14
  zn: id=zn1 name=KVLite repFactor=1 type=PRIMARY allowArbiters=false masterAffinity=false

  sn=[sn1] zn:[id=zn1 name=KVLite] slc10zbn:5000
    [rg1-rn1]

  numShards=1
  shard=[rg1] num partitions=10
    [rg1-rn1] sn=sn1

2019-05-21 15:36:55.142 UTC INFO [admin1] Plan 8 [Deploy KVStore] started, 9 tasks
2019-05-21 15:36:55.145 UTC INFO [admin1] Plan 8 [Deploy KVStore] task [UpdateDatacenterV2 zone=zn1] [1] started
2019-05-21 15:36:55.150 UTC INFO [admin1] Plan 8 [Deploy KVStore] task [UpdateDatacenterV2 zone=zn1] [1] ended, state=SUCCEEDED
2019-05-21 15:36:55.150 UTC INFO [admin1] Plan 8 [Deploy KVStore] task [DeployShard on [sn1] zn:[id=zn1 name=KVLite] slc10zbn:5000 ] [2] started
2019-05-21 15:36:55.175 UTC INFO [admin1] Plan 8 [Deploy KVStore] task [DeployShard rg1 on [sn1] zn:[id=zn1 name=KVLite] slc10zbn:5000 ] [2] ended, state=SUCCEEDED
2019-05-21 15:36:55.175 UTC INFO [admin1] Plan 8 [Deploy KVStore] task [DeployNewRN on sn1(slc10zbn:5000)] [3] started
2019-05-21 15:36:55.181 UTC INFO [admin1] Plan 8 [Deploy KVStore] task [DeployNewRN rg1-rn1 on sn1(slc10zbn:5000)] creating rg1-rn1 on sn1 haPort=slc10zbn:5,006 helpers=slc10zbn:5006 storage directory path=/scratch/mirivier/view_storage/mirivier_x8cc/ecs/exacloud/stage2/exacloud/nosql/kv-18.1.19/./kvroot/kvstore/sn1 directory size=1,073,741,824 log directory path =null log directory size = 0 heapMB=unspecified cachePercent=70 cacheSize=unspecified -XX:ParallelGCThreads=70
2019-05-21 15:37:01.388 UTC INFO [admin1] Monitor collector: adding rg1-rn1 to monitoring
2019-05-21 15:37:01.399 UTC INFO [admin1] Plan 8 [Deploy KVStore] task [DeployNewRN rg1-rn1 on sn1(slc10zbn:5000)] [3] ended, state=SUCCEEDED
2019-05-21 15:37:01.399 UTC INFO [admin1] Plan 8 [Deploy KVStore] task [UpdateNthRNHelperHost] [4] started
2019-05-21 15:37:01.415 UTC INFO [admin1] Plan 8 [Deploy KVStore] task [UpdateNthRNHelperHost] [4] ended, state=SUCCEEDED
2019-05-21 15:37:01.415 UTC INFO [admin1] Plan 8 [Deploy KVStore] task [NewNthRNParameters] [5] started
2019-05-21 15:37:01.448 UTC INFO [admin1] Plan 8 [Deploy KVStore] task [NewNthRNParameters] [5] ended, state=SUCCEEDED
2019-05-21 15:37:01.448 UTC INFO [admin1] Plan 8 [Deploy KVStore] task [BroadcastTopo] [6] started
2019-05-21 15:37:01.450 UTC INFO [admin1] Broadcasting topology seq# 4, changes for plan 8
2019-05-21 15:37:01.461 UTC INFO [admin1] Plan 8 [Deploy KVStore] task [BroadcastTopo] [6] ended, state=SUCCEEDED
2019-05-21 15:37:01.461 UTC INFO [admin1] Plan 8 [Deploy KVStore] task [BroadcastMetadata] [7] started
2019-05-21 15:37:01.467 UTC INFO [admin1] Plan 8 [Deploy KVStore] task [BroadcastMetadata] [7] ended, state=SUCCEEDED
2019-05-21 15:37:01.468 UTC INFO [admin1] Plan 8 [Deploy KVStore] task [AddPartitions totalPartitions=10] [8] started
2019-05-21 15:37:01.471 UTC INFO [admin1] [rg1-rn1] Service status: RUNNING 2019-05-21 15:37:00 UTC
2019-05-21 15:37:01.475 UTC INFO [admin1] Broadcasting topology seq# 14, changes for Initializing new partitions
2019-05-21 15:37:01.495 UTC INFO [admin1] Plan 8 [Deploy KVStore] task [AddPartitions totalPartitions=10] [8] ended, state=SUCCEEDED
2019-05-21 15:37:01.495 UTC INFO [admin1] Plan 8 [Deploy KVStore] task [BroadcastTopo] [9] started
2019-05-21 15:37:01.496 UTC INFO [admin1] Broadcasting topology seq# 14, changes for plan 8
2019-05-21 15:37:01.502 UTC INFO [admin1] Plan 8 [Deploy KVStore] task [BroadcastTopo] [9] ended, state=SUCCEEDED
2019-05-21 15:37:01.509 UTC SEC_INFO [admin1] KVAuditInfo [Plan 8 [Deploy KVStore], owned by , executed by  from 10.196.54.182 ended, state=SUCCEEDED]
2019-05-21 15:37:01.539 UTC INFO [admin1] Plan 9 [Create User] approved
2019-05-21 15:37:01.540 UTC INFO [admin1] Plan 9 [Create User] started, 1 tasks
2019-05-21 15:37:01.545 UTC INFO [admin1] Plan 9 [Create User] task [AddUser] [1] started
2019-05-21 15:37:01.613 UTC INFO [admin1] Plan 9 [Create User] broadcasting SecurityMetadata id=SecurityMD-1558453021547 seq# 1 for AddUser
2019-05-21 15:37:01.624 UTC INFO [admin1] Plan 9 [Create User] successful broadcast to all groups of SECURITY metadata seq# 1, for AddUser, attempts=1
2019-05-21 15:37:01.627 UTC INFO [admin1] Plan 9 [Create User] task [AddUser] [1] ended, state=SUCCEEDED
2019-05-21 15:37:01.630 UTC SEC_INFO [admin1] KVAuditInfo [Plan 9 [Create User], owned by , executed by  from 10.196.54.182 ended, state=SUCCEEDED]
2019-05-21 15:37:01.648 UTC INFO [admin1] Plan 10 [Grant User] approved
2019-05-21 15:37:01.650 UTC INFO [admin1] Plan 10 [Grant User] started, 2 tasks
2019-05-21 15:37:01.683 UTC INFO [admin1] Plan 10 [Grant User] task [GrantRoles] [1] started
2019-05-21 15:37:01.688 UTC INFO [admin1] Plan 10 [Grant User] broadcasting SecurityMetadata id=SecurityMD-1558453021547 seq# 2 for GrantRoles
2019-05-21 15:37:01.803 UTC INFO [admin1] Plan 10 [Grant User] successful broadcast to all groups of SECURITY metadata seq# 2, for GrantRoles, attempts=1
2019-05-21 15:37:01.806 UTC INFO [admin1] Plan 10 [Grant User] task [GrantRoles] [1] ended, state=SUCCEEDED
2019-05-21 15:37:01.807 UTC INFO [admin1] Plan 10 [Grant User] task [NewSecurityMDChange cause admin1 to apply the latest security metadata change] [2] started
2019-05-21 15:37:01.847 UTC INFO [admin1] Sessions of AdminLoginHandler has been updated with metadata change 2
2019-05-21 15:37:01.847 UTC INFO [admin1] newSecurityMDChange: update with the latest security metadata change
2019-05-21 15:37:01.851 UTC INFO [admin1] Plan 10 [Grant User] task [NewSecurityMDChange cause admin1 to apply the latest security metadata change] [2] ended, state=SUCCEEDED
2019-05-21 15:37:01.855 UTC SEC_INFO [admin1] KVAuditInfo [Plan 10 [Grant User], owned by , executed by  from 10.196.54.182 ended, state=SUCCEEDED]
2019-05-21 15:37:04.778 UTC INFO [admin1] Exit Thread[System table monitor,5,RMI Runtime]
2019-05-21 15:37:50.295 UTC SEC_INFO [admin1] KVAuditInfo [User: admin, ClientHost: 10.196.54.182, AuthHost: , Operation Desc: LOGIN, Status: SUCCEEDED]
2019-05-21 15:42:55.315 UTC INFO [admin1] Plan 12 [CreateTable Users2] approved
2019-05-21 15:42:55.316 UTC INFO [admin1] Plan 12 [CreateTable Users2] started, 1 tasks
2019-05-21 15:42:55.319 UTC INFO [admin1] Plan 12 [CreateTable Users2] task [AddTable Users2] [1] started
2019-05-21 15:42:55.329 UTC INFO [admin1] Plan 12 [CreateTable Users2] broadcasting TableMetadata[5, 5, 5] for AddTable Users2
2019-05-21 15:42:55.350 UTC INFO [admin1] Plan 12 [CreateTable Users2] successful broadcast to all groups of TABLE metadata seq# 5, for AddTable Users2, attempts=1
2019-05-21 15:42:55.353 UTC INFO [admin1] Plan 12 [CreateTable Users2] task [AddTable Users2] [1] ended, state=SUCCEEDED
2019-05-21 15:42:55.357 UTC SEC_INFO [admin1] KVAuditInfo [Plan 12 [CreateTable Users2], owned by admin(id:u1), executed by admin from 10.196.54.182 ended, state=SUCCEEDED]
2019-05-21 16:36:54.570 UTC INFO [admin1] Saving create update software version plan
2019-05-21 16:36:54.586 UTC INFO [admin1] Plan 13 [SYS$UpdateVersionMetadata] approved
2019-05-21 16:36:54.587 UTC INFO [admin1] Plan 13 [SYS$UpdateVersionMetadata] started, 1 tasks
2019-05-21 16:36:54.596 UTC INFO [admin1] Plan 13 [SYS$UpdateVersionMetadata] task [UpdateSoftwareVersion] [1] started
2019-05-21 16:36:54.648 UTC INFO [admin1] Plan 13 [SYS$UpdateVersionMetadata] task [UpdateSoftwareVersion] [1] ended, state=SUCCEEDED
2019-05-21 16:36:54.651 UTC INFO [admin1] Plan 13 [SYS$UpdateVersionMetadata] ended, state=SUCCEEDED
2019-05-21 16:36:54.693 UTC INFO [admin1] Plan 14 [SYS$UpdateGlobalVersionMetadata] approved
2019-05-21 16:36:54.693 UTC INFO [admin1] Plan 14 [SYS$UpdateGlobalVersionMetadata] started, 3 tasks
2019-05-21 16:36:54.697 UTC INFO [admin1] Plan 14 [SYS$UpdateGlobalVersionMetadata] task [WriteNewGlobalParams sn1] [1] started
2019-05-21 16:36:54.699 UTC INFO [admin1] Plan 14 [SYS$UpdateGlobalVersionMetadata] task [WriteNewGlobalParams sn1] changing Global params for sn1:  {storeSoftwareVersion=Parameter[storeSoftwareVersion, STRING, 18.1.19]}
2019-05-21 16:36:54.727 UTC INFO [admin1] Plan 14 [SYS$UpdateGlobalVersionMetadata] task [WriteNewGlobalParams sn1] [1] ended, state=SUCCEEDED
2019-05-21 16:36:54.728 UTC INFO [admin1] Plan 14 [SYS$UpdateGlobalVersionMetadata] task [NewRNGlobalParameters refresh rg1-rn1 global parameter state without restarting] [2] started
2019-05-21 16:36:54.767 UTC INFO [admin1] Plan 14 [SYS$UpdateGlobalVersionMetadata] task [NewRNGlobalParameters refresh rg1-rn1 global parameter state without restarting] [2] ended, state=SUCCEEDED
2019-05-21 16:36:54.767 UTC INFO [admin1] Plan 14 [SYS$UpdateGlobalVersionMetadata] task [NewAdminGlobalParameters refresh admin1 global parameter state without restarting] [3] started
2019-05-21 16:36:54.776 UTC INFO [admin1] newGlobalParameters: refreshing global parameters
2019-05-21 16:36:54.779 UTC INFO [admin1] Plan 14 [SYS$UpdateGlobalVersionMetadata] task [NewAdminGlobalParameters refresh admin1 global parameter state without restarting] [3] ended, state=SUCCEEDED
2019-05-21 16:36:54.782 UTC INFO [admin1] Plan 14 [SYS$UpdateGlobalVersionMetadata] ended, state=SUCCEEDED
