2019-05-21 15:36:53.970 UTC INFO - [admin1] Initializing PRIMARY Admin for store: kvstore
2019-05-21 15:36:53.971 UTC INFO - [admin1] Created new admin environment dir: ./kvroot/kvstore/sn1/admin1/env
2019-05-21 15:36:53.974 UTC INFO - [admin1] JVM Runtime maxMemory (bytes): 3357540352
2019-05-21 15:36:53.974 UTC INFO - [admin1] Non-default JE properties for environment: {je.env.runVerifier=false, je.log.faultReadSize=4096, je.env.runEvictor=true, je.cleaner.minUtilization=40, je.maxDisk=3221225472, je.lock.nLockTables=97, je.cleaner.threads=2, je.log.writeQueueSize=2097152, je.evictor.criticalPercentage=20, je.log.iteratorReadSize=1048576, je.log.numBuffers=16, je.nodeMaxEntries=128, je.lock.timeout=10 s, je.cleaner.minFileUtilization=5, je.txn.durability=write_no_sync,write_no_sync,simple_majority, je.cleaner.readSize=1048576, je.log.fileCacheSize=2000, je.log.fileMax=52428800}
2019-05-21 15:36:53.982 UTC INFO - [admin1] DataChannelFactory: ssl
2019-05-21 15:36:53.985 UTC INFO - [admin1] AdminStateTracker thread start: admin1
2019-05-21 15:36:54.285 UTC INFO - [admin1] JE recovery: POPULATE_UTILIZATION_PROFILE
2019-05-21 15:36:54.309 UTC INFO - [admin1] JE recovery: POPULATE_EXPIRATION_PROFILE
2019-05-21 15:36:54.312 UTC INFO - [admin1] JE recovery: REMOVE_TEMP_DBS
2019-05-21 15:36:54.322 UTC INFO - [admin1] JE recovery: CKPT
2019-05-21 15:36:54.344 UTC INFO - [admin1] JE recovery: RECOVERY_FINISHED
2019-05-21 15:36:54.360 UTC INFO - [admin1] JE: No server auth method
2019-05-21 15:36:54.360 UTC INFO - [admin1] JE: Started ServiceDispatcher. HostPort=slc10zbn:5005
2019-05-21 15:36:54.360 UTC INFO - [admin1] JE: DataChannel factory: com.sleepycat.je.rep.utilint.net.SSLChannelFactory
2019-05-21 15:36:54.394 UTC INFO - [admin1] JE: DTVLSN at start:0
2019-05-21 15:36:54.395 UTC INFO - [admin1] JE: node:NullNode(-1) state change from DETACHED to UNKNOWN
2019-05-21 15:36:54.405 UTC INFO - [admin1] JE: Current group size: 0
2019-05-21 15:36:54.405 UTC INFO - [admin1] JE: New node 1(-1) unknown to rep group
2019-05-21 15:36:54.406 UTC INFO - [admin1] JE: Master changed to 1
2019-05-21 15:36:54.406 UTC INFO - [admin1] JE: Nascent group. 1 is master by virtue of being the first node.
2019-05-21 15:36:54.406 UTC INFO - [admin1] JE: node:1(1) state change from UNKNOWN to MASTER
2019-05-21 15:36:54.430 UTC INFO - [admin1] JE: Successfully added node:1(1) HostPort = slc10zbn: 5005 [ELECTABLE]
2019-05-21 15:36:54.437 UTC INFO - [admin1] JE: Updated minimum JE group version to 7.5.0
2019-05-21 15:36:54.441 UTC INFO - [admin1] JE recovery: BECOME_CONSISTENT
2019-05-21 15:36:54.441 UTC INFO - [admin1] JE: Node 1 started
2019-05-21 15:36:54.441 UTC INFO - [admin1] JE: node:NullNode(-1) state change from MASTER to UNKNOWN
2019-05-21 15:36:54.442 UTC INFO - [admin1] JE: node:1(1) state change from UNKNOWN to MASTER
2019-05-21 15:36:54.442 UTC INFO - [admin1] JE: Feeder manager accepting requests.
2019-05-21 15:36:54.443 UTC INFO - [admin1] JE: Joining group as master
2019-05-21 15:36:54.446 UTC INFO - [admin1] State change event: Tue May 21 08:36:54 PDT 2019, State: MASTER, Type: PRIMARY, Master: 1
2019-05-21 15:36:54.446 UTC INFO - [admin1] AdminStateTracker queue added:MASTER
2019-05-21 15:36:54.450 UTC INFO - [admin1] Initializing Admin Schema to schema version 5/NoSQL DB 18.1.19 2018-09-12 09:31:32 UTC  Build id: 2b4f4397f6d0 Edition: Community
2019-05-21 15:36:54.464 UTC INFO - [admin1] Initialize stores at schema version 5, readOnly=false
2019-05-21 15:36:54.469 UTC INFO - [admin1] Open: AdminCriticalEventsDatabase
2019-05-21 15:36:54.471 UTC INFO - [admin1] Open: AdminParametersDatabase
2019-05-21 15:36:54.472 UTC INFO - [admin1] Open: AdminMemoDatabase
2019-05-21 15:36:54.474 UTC INFO - [admin1] Open: AdminPlanDatabase
2019-05-21 15:36:54.476 UTC INFO - [admin1] Open: AdminSecurityDatabase
2019-05-21 15:36:54.478 UTC INFO - [admin1] Open: AdminTableDatabase
2019-05-21 15:36:54.480 UTC INFO - [admin1] Open: AdminTopologyHistoryDatabase
2019-05-21 15:36:54.481 UTC INFO - [admin1] Open: AdminTopologyCandidateDatabase
2019-05-21 15:36:54.482 UTC FINE - Closing StorewideLoggingView
2019-05-21 15:36:54.486 UTC INFO - [admin1] Initializing Admin database
2019-05-21 15:36:54.512 UTC INFO - [admin1] Admin database initialized
2019-05-21 15:36:54.544 UTC INFO - [admin1] Starting Thread[System table monitor,5,RMI Runtime]
2019-05-21 15:36:54.546 UTC INFO - [admin1] Replicated environment handle established. Cache size: 2014524211, State: MASTER
2019-05-21 15:36:54.552 UTC INFO - [admin1] Configured Admin for store: kvstore
2019-05-21 15:36:54.596 UTC INFO - [admin1] PlanStateChange [id=1 name=Deploy KVLite state=APPROVED at 2019-05-21 15:36:54 UTC numAttempts=0 : approval requested]
2019-05-21 15:36:54.602 UTC INFO - [admin1] Plan 1 [Deploy KVLite] approved
2019-05-21 15:36:54.611 UTC INFO - [admin1] PlanStateChange [id=1 name=Deploy KVLite state=RUNNING at 2019-05-21 15:36:54 UTC numAttempts=1 : Plan is starting]
2019-05-21 15:36:54.612 UTC INFO - [admin1] Plan 1 [Deploy KVLite] started, 1 tasks
2019-05-21 15:36:54.625 UTC INFO - [admin1] Plan 1 [Deploy KVLite] task [DeployDatacenter zone=KVLite] [1] started
2019-05-21 15:36:54.627 UTC INFO - [admin1] PlanProgress [id=1 name=Deploy KVLite state=RUNNING reportTime=2019-05-21 15:36:54 UTC numAttempts=1 generalTask_Total=1 generalTask_Successful=1]
2019-05-21 15:36:54.631 UTC INFO - [admin1] Plan 1 [Deploy KVLite] task [DeployDatacenter zone=KVLite] [1] ended, state=SUCCEEDED
2019-05-21 15:36:54.633 UTC INFO - [admin1] PlanStateChange [id=1 name=Deploy KVLite state=SUCCEEDED at 2019-05-21 15:36:54 UTC numAttempts=1 : Plan finished.]
2019-05-21 15:36:54.636 UTC SEC_INFO - [admin1] KVAuditInfo [Plan 1 [Deploy KVLite], owned by , executed by  from 10.196.54.182 ended, state=SUCCEEDED]
2019-05-21 15:36:54.679 UTC INFO - [admin1] PlanStateChange [id=2 name=Deploy Storage Node state=APPROVED at 2019-05-21 15:36:54 UTC numAttempts=0 : approval requested]
2019-05-21 15:36:54.696 UTC INFO - [admin1] Plan 2 [Deploy Storage Node] approved
2019-05-21 15:36:54.698 UTC INFO - [admin1] PlanStateChange [id=2 name=Deploy Storage Node state=RUNNING at 2019-05-21 15:36:54 UTC numAttempts=1 : Plan is starting]
2019-05-21 15:36:54.698 UTC INFO - [admin1] Plan 2 [Deploy Storage Node] started, 1 tasks
2019-05-21 15:36:54.708 UTC INFO - [admin1] Plan 2 [Deploy Storage Node] task [DeploySN sn1(slc10zbn:5000)] [1] started
2019-05-21 15:36:54.714 UTC INFO - [admin1] PlanStateChange [id=3 name=SYS$Create system table SYS$IndexStatsLease state=APPROVED at 2019-05-21 15:36:54 UTC numAttempts=0 : approval requested]
2019-05-21 15:36:54.717 UTC INFO - [admin1] Plan 3 [SYS$Create system table SYS$IndexStatsLease] approved
2019-05-21 15:36:54.721 UTC INFO - [admin1] PlanStateChange [id=3 name=SYS$Create system table SYS$IndexStatsLease state=RUNNING at 2019-05-21 15:36:54 UTC numAttempts=1 : Plan is starting]
2019-05-21 15:36:54.721 UTC INFO - [admin1] Plan 3 [SYS$Create system table SYS$IndexStatsLease] started, 1 tasks
2019-05-21 15:36:54.727 UTC INFO - [admin1] PlanStateChange [id=4 name=SYS$Create system table SYS$TableStatsPartition state=APPROVED at 2019-05-21 15:36:54 UTC numAttempts=0 : approval requested]
2019-05-21 15:36:54.731 UTC INFO - [admin1] Plan 3 [SYS$Create system table SYS$IndexStatsLease] task [AddTable SYS$IndexStatsLease] [1] started
2019-05-21 15:36:54.733 UTC INFO - [admin1] Plan 4 [SYS$Create system table SYS$TableStatsPartition] approved
2019-05-21 15:36:54.738 UTC INFO - [admin1] PlanStateChange [id=4 name=SYS$Create system table SYS$TableStatsPartition state=RUNNING at 2019-05-21 15:36:54 UTC numAttempts=1 : Plan is starting]
2019-05-21 15:36:54.741 UTC INFO - [admin1] PlanStateChange [id=5 name=SYS$Create system table SYS$PartitionStatsLease state=APPROVED at 2019-05-21 15:36:54 UTC numAttempts=0 : approval requested]
2019-05-21 15:36:54.741 UTC INFO - [admin1] Plan 4 [SYS$Create system table SYS$TableStatsPartition] started, 1 tasks
2019-05-21 15:36:54.745 UTC INFO - [admin1] Plan 5 [SYS$Create system table SYS$PartitionStatsLease] approved
2019-05-21 15:36:54.748 UTC INFO - [admin1] Plan 4 [SYS$Create system table SYS$TableStatsPartition] task [AddTable SYS$TableStatsPartition] [1] started
2019-05-21 15:36:54.760 UTC INFO - [admin1] PlanStateChange [id=5 name=SYS$Create system table SYS$PartitionStatsLease state=RUNNING at 2019-05-21 15:36:54 UTC numAttempts=1 : Plan is starting]
2019-05-21 15:36:54.760 UTC INFO - [admin1] Plan 5 [SYS$Create system table SYS$PartitionStatsLease] started, 1 tasks
2019-05-21 15:36:54.761 UTC INFO - [admin1] PlanProgress [id=3 name=SYS$Create system table SYS$IndexStatsLease state=RUNNING reportTime=2019-05-21 15:36:54 UTC numAttempts=1 generalTask_Total=1 generalTask_Successful=1]
2019-05-21 15:36:54.762 UTC INFO - [admin1] PlanStateChange [id=6 name=SYS$Create system table SYS$TableStatsIndex state=APPROVED at 2019-05-21 15:36:54 UTC numAttempts=0 : approval requested]
2019-05-21 15:36:54.765 UTC INFO - [admin1] Plan 3 [SYS$Create system table SYS$IndexStatsLease] task [AddTable SYS$IndexStatsLease] [1] ended, state=SUCCEEDED
2019-05-21 15:36:54.765 UTC INFO - [admin1] PlanStateChange [id=3 name=SYS$Create system table SYS$IndexStatsLease state=SUCCEEDED at 2019-05-21 15:36:54 UTC numAttempts=1 : Plan finished.]
2019-05-21 15:36:54.767 UTC INFO - [admin1] Plan 5 [SYS$Create system table SYS$PartitionStatsLease] task [AddTable SYS$PartitionStatsLease] [1] started
2019-05-21 15:36:54.770 UTC INFO - [admin1] Plan 3 [SYS$Create system table SYS$IndexStatsLease] ended, state=SUCCEEDED
2019-05-21 15:36:54.770 UTC INFO - [admin1] Plan 6 [SYS$Create system table SYS$TableStatsIndex] approved
2019-05-21 15:36:54.770 UTC INFO - [admin1] PlanStateChange [id=6 name=SYS$Create system table SYS$TableStatsIndex state=RUNNING at 2019-05-21 15:36:54 UTC numAttempts=1 : Plan is starting]
2019-05-21 15:36:54.770 UTC INFO - [admin1] Plan 6 [SYS$Create system table SYS$TableStatsIndex] started, 1 tasks
2019-05-21 15:36:54.771 UTC INFO - [admin1] PlanProgress [id=4 name=SYS$Create system table SYS$TableStatsPartition state=RUNNING reportTime=2019-05-21 15:36:54 UTC numAttempts=1 generalTask_Total=1 generalTask_Successful=1]
2019-05-21 15:36:54.774 UTC INFO - [admin1] Plan 4 [SYS$Create system table SYS$TableStatsPartition] task [AddTable SYS$TableStatsPartition] [1] ended, state=SUCCEEDED
2019-05-21 15:36:54.774 UTC INFO - [admin1] PlanStateChange [id=4 name=SYS$Create system table SYS$TableStatsPartition state=SUCCEEDED at 2019-05-21 15:36:54 UTC numAttempts=1 : Plan finished.]
2019-05-21 15:36:54.782 UTC INFO - [admin1] Plan 4 [SYS$Create system table SYS$TableStatsPartition] ended, state=SUCCEEDED
2019-05-21 15:36:54.784 UTC INFO - [admin1] Plan 6 [SYS$Create system table SYS$TableStatsIndex] task [AddTable SYS$TableStatsIndex] [1] started
2019-05-21 15:36:54.786 UTC INFO - [admin1] PlanProgress [id=5 name=SYS$Create system table SYS$PartitionStatsLease state=RUNNING reportTime=2019-05-21 15:36:54 UTC numAttempts=1 generalTask_Total=1 generalTask_Successful=1]
2019-05-21 15:36:54.789 UTC INFO - [admin1] Plan 5 [SYS$Create system table SYS$PartitionStatsLease] task [AddTable SYS$PartitionStatsLease] [1] ended, state=SUCCEEDED
2019-05-21 15:36:54.790 UTC INFO - [admin1] PlanStateChange [id=5 name=SYS$Create system table SYS$PartitionStatsLease state=SUCCEEDED at 2019-05-21 15:36:54 UTC numAttempts=1 : Plan finished.]
2019-05-21 15:36:54.794 UTC INFO - [admin1] Plan 5 [SYS$Create system table SYS$PartitionStatsLease] ended, state=SUCCEEDED
2019-05-21 15:36:54.801 UTC INFO - [admin1] PlanProgress [id=6 name=SYS$Create system table SYS$TableStatsIndex state=RUNNING reportTime=2019-05-21 15:36:54 UTC numAttempts=1 generalTask_Total=1 generalTask_Successful=1]
2019-05-21 15:36:54.806 UTC INFO - [admin1] Plan 6 [SYS$Create system table SYS$TableStatsIndex] task [AddTable SYS$TableStatsIndex] [1] ended, state=SUCCEEDED
2019-05-21 15:36:54.806 UTC INFO - [admin1] PlanStateChange [id=6 name=SYS$Create system table SYS$TableStatsIndex state=SUCCEEDED at 2019-05-21 15:36:54 UTC numAttempts=1 : Plan finished.]
2019-05-21 15:36:54.809 UTC INFO - [admin1] Plan 6 [SYS$Create system table SYS$TableStatsIndex] ended, state=SUCCEEDED
2019-05-21 15:36:54.892 UTC INFO - [admin1] Monitor collector: adding sn1 to monitoring
2019-05-21 15:36:54.894 UTC INFO - [admin1] PlanProgress [id=2 name=Deploy Storage Node state=RUNNING reportTime=2019-05-21 15:36:54 UTC numAttempts=1 generalTask_Total=1 generalTask_Successful=1]
2019-05-21 15:36:54.798 UTC INFO - [sn1] Starting StorageNodeAgent for kvstore
2019-05-21 15:36:54.837 UTC INFO - [sn1] Bound trusted login to registry port 5000 using name SNA with SSF:<SSLServerSocketFactory backlog=1024 portRange=0,0 sslControl=SSLControl[ sslParameters=javax.net.ssl.SSLParameters@1074cc83 sslContext=javax.net.ssl.SSLContext@1bc21fc7 sslAuthenticator=oracle.kv.impl.security.ssl.SSLPatternAuthenticator@74f064bc]>
2019-05-21 15:36:54.847 UTC INFO - [sn1] Create collector service and register parameter listeners successfully.
2019-05-21 15:36:54.858 UTC INFO - [sn1] Starting MonitorAgent.  Server socket factory:<SSLServerSocketFactory backlog=1024 portRange=0,0 sslControl=SSLControl[ sslParameters=javax.net.ssl.SSLParameters@24c75d30 sslContext=javax.net.ssl.SSLContext@508efac9 sslAuthenticator=null]> Client socket factory:<SSLClientSocketFactory name=kvstore|sn|monitor id=-710446895 connectMs=10000 readMs=5000 kvStoreName=null clientUse=USER>
2019-05-21 15:36:54.860 UTC INFO - [sn1] Started MasterRebalanceThread
2019-05-21 15:36:54.878 UTC INFO - [sn1] Successfully created secure proxy for the storage node agent
2019-05-21 15:36:54.884 UTC INFO - [sn1] Rebound to registry port 5000 using name sn1 with SSF:<SSLServerSocketFactory backlog=1024 portRange=0,0 sslControl=SSLControl[ sslParameters=javax.net.ssl.SSLParameters@24c75d30 sslContext=javax.net.ssl.SSLContext@508efac9 sslAuthenticator=null]>
2019-05-21 15:36:54.884 UTC INFO - [sn1] Service status changed from STARTING to RUNNING
2019-05-21 15:36:54.908 UTC INFO - [admin1] [sn1] Service status: RUNNING 2019-05-21 15:36:54 UTC
2019-05-21 15:36:54.884 UTC INFO - [sn1] Started StorageNodeAgent for kvstore
2019-05-21 15:36:54.918 UTC INFO - [admin1] Plan 2 [Deploy Storage Node] task [DeploySN sn1(slc10zbn:5000)] [1] ended, state=SUCCEEDED
2019-05-21 15:36:54.918 UTC INFO - [admin1] PlanStateChange [id=2 name=Deploy Storage Node state=SUCCEEDED at 2019-05-21 15:36:54 UTC numAttempts=1 : Plan finished.]
2019-05-21 15:36:54.922 UTC SEC_INFO - [admin1] KVAuditInfo [Plan 2 [Deploy Storage Node], owned by , executed by  from 10.196.54.182 ended, state=SUCCEEDED]
2019-05-21 15:36:54.959 UTC INFO - [admin1] PlanStateChange [id=7 name=Deploy Admin Service state=APPROVED at 2019-05-21 15:36:54 UTC numAttempts=0 : approval requested]
2019-05-21 15:36:54.962 UTC INFO - [admin1] Plan 7 [Deploy Admin Service] approved
2019-05-21 15:36:54.963 UTC INFO - [admin1] PlanStateChange [id=7 name=Deploy Admin Service state=RUNNING at 2019-05-21 15:36:54 UTC numAttempts=1 : Plan is starting]
2019-05-21 15:36:54.963 UTC INFO - [admin1] Plan 7 [Deploy Admin Service] started, 2 tasks
2019-05-21 15:36:54.972 UTC INFO - [admin1] Plan 7 [Deploy Admin Service] task [DeployAdmin admin1 on sn1] [1] started
2019-05-21 15:36:55.025 UTC INFO - [admin1] newParameters called for Monitor
2019-05-21 15:36:55.026 UTC INFO - [admin1] Owner of login handler has been updated with admin1
2019-05-21 15:36:55.027 UTC INFO - [admin1] PlanProgress [id=7 name=Deploy Admin Service state=RUNNING reportTime=2019-05-21 15:36:55 UTC numAttempts=1 generalTask_Total=2 generalTask_Successful=1 generalTask_NotStarted=1]
2019-05-21 15:36:55.030 UTC INFO - [admin1] Plan 7 [Deploy Admin Service] task [DeployAdmin admin1 on sn1] [1] ended, state=SUCCEEDED
2019-05-21 15:36:55.030 UTC INFO - [admin1] Plan 7 [Deploy Admin Service] task [WaitForAdminState admin1 to reach RUNNING] [2] started
2019-05-21 15:36:55.035 UTC INFO - [admin1] PlanProgress [id=7 name=Deploy Admin Service state=RUNNING reportTime=2019-05-21 15:36:55 UTC numAttempts=1 generalTask_Total=2 generalTask_Successful=2]
2019-05-21 15:36:55.039 UTC INFO - [admin1] Plan 7 [Deploy Admin Service] task [WaitForAdminState admin1 to reach RUNNING] [2] ended, state=SUCCEEDED
2019-05-21 15:36:55.040 UTC INFO - [admin1] PlanStateChange [id=7 name=Deploy Admin Service state=SUCCEEDED at 2019-05-21 15:36:55 UTC numAttempts=1 : Plan finished.]
2019-05-21 15:36:55.042 UTC SEC_INFO - [admin1] KVAuditInfo [Plan 7 [Deploy Admin Service], owned by , executed by  from 10.196.54.182 ended, state=SUCCEEDED]
2019-05-21 15:36:55.054 UTC INFO - [admin1] Created Storage Node Pool: KVLitePool
2019-05-21 15:36:55.059 UTC INFO - [admin1] Added Storage Node sn1 to pool: KVLitePool
2019-05-21 15:36:55.088 UTC INFO - [admin1] KVLite has nothing to rebalance
2019-05-21 15:36:55.130 UTC INFO - [admin1] PlanStateChange [id=8 name=Deploy KVStore state=APPROVED at 2019-05-21 15:36:55 UTC numAttempts=0 : approval requested]
2019-05-21 15:36:55.133 UTC INFO - [admin1] Plan 8 [Deploy KVStore] approved
2019-05-21 15:36:55.137 UTC INFO - [admin1] Plan 8 [Deploy KVStore] deploying topology candidate KVLite.
2019-05-21 15:36:55.140 UTC INFO - [admin1] Current topology: store=kvstore  numPartitions=0 sequence=2
  zn: id=zn1 name=KVLite repFactor=1 type=PRIMARY allowArbiters=false masterAffinity=false

  sn=[sn1] zn:[id=zn1 name=KVLite] slc10zbn:5000

  numShards=0

2019-05-21 15:36:55.141 UTC INFO - [admin1] Preview of changes to be executed by Plan 8 [Deploy KVStore]:
Topology transformation from current deployed topology to KVLite:
Create 1 shard 
Create 1 RN 
Create 10 partitions 

shard rg1
  1 new RN : rg1-rn1 
  10 new partitions 

2019-05-21 15:36:55.141 UTC INFO - [admin1] Target topology candidate: KVLite
store=kvstore  numPartitions=10 sequence=14
  zn: id=zn1 name=KVLite repFactor=1 type=PRIMARY allowArbiters=false masterAffinity=false

  sn=[sn1] zn:[id=zn1 name=KVLite] slc10zbn:5000
    [rg1-rn1]

  numShards=1
  shard=[rg1] num partitions=10
    [rg1-rn1] sn=sn1

2019-05-21 15:36:55.142 UTC INFO - [admin1] PlanStateChange [id=8 name=Deploy KVStore state=RUNNING at 2019-05-21 15:36:55 UTC numAttempts=1 : Plan is starting]
2019-05-21 15:36:55.142 UTC INFO - [admin1] Plan 8 [Deploy KVStore] started, 9 tasks
2019-05-21 15:36:55.145 UTC INFO - [admin1] Plan 8 [Deploy KVStore] task [UpdateDatacenterV2 zone=zn1] [1] started
2019-05-21 15:36:55.147 UTC INFO - [admin1] PlanProgress [id=8 name=Deploy KVStore state=RUNNING reportTime=2019-05-21 15:36:55 UTC numAttempts=1 generalTask_Total=9 generalTask_Successful=1 generalTask_NotStarted=8]
2019-05-21 15:36:55.150 UTC INFO - [admin1] Plan 8 [Deploy KVStore] task [UpdateDatacenterV2 zone=zn1] [1] ended, state=SUCCEEDED
2019-05-21 15:36:55.150 UTC INFO - [admin1] Plan 8 [Deploy KVStore] task [DeployShard on [sn1] zn:[id=zn1 name=KVLite] slc10zbn:5000 ] [2] started
2019-05-21 15:36:55.172 UTC INFO - [admin1] PlanProgress [id=8 name=Deploy KVStore state=RUNNING reportTime=2019-05-21 15:36:55 UTC numAttempts=1 generalTask_Total=9 generalTask_Successful=2 generalTask_NotStarted=7]
2019-05-21 15:36:55.175 UTC INFO - [admin1] Plan 8 [Deploy KVStore] task [DeployShard rg1 on [sn1] zn:[id=zn1 name=KVLite] slc10zbn:5000 ] [2] ended, state=SUCCEEDED
2019-05-21 15:36:55.175 UTC INFO - [admin1] Plan 8 [Deploy KVStore] task [DeployNewRN on sn1(slc10zbn:5000)] [3] started
2019-05-21 15:36:55.181 UTC INFO - [admin1] Plan 8 [Deploy KVStore] task [DeployNewRN rg1-rn1 on sn1(slc10zbn:5000)] creating rg1-rn1 on sn1 haPort=slc10zbn:5,006 helpers=slc10zbn:5006 storage directory path=/scratch/mirivier/view_storage/mirivier_x8cc/ecs/exacloud/stage2/exacloud/nosql/kv-18.1.19/./kvroot/kvstore/sn1 directory size=1,073,741,824 log directory path =null log directory size = 0 heapMB=unspecified cachePercent=70 cacheSize=unspecified -XX:ParallelGCThreads=70
2019-05-21 15:37:01.388 UTC INFO - [admin1] Monitor collector: adding rg1-rn1 to monitoring
2019-05-21 15:37:01.391 UTC INFO - [admin1] PlanProgress [id=8 name=Deploy KVStore state=RUNNING reportTime=2019-05-21 15:37:01 UTC numAttempts=1 generalTask_Total=9 generalTask_Successful=3 generalTask_NotStarted=6]
2019-05-21 15:37:01.399 UTC INFO - [admin1] Plan 8 [Deploy KVStore] task [DeployNewRN rg1-rn1 on sn1(slc10zbn:5000)] [3] ended, state=SUCCEEDED
2019-05-21 15:37:01.399 UTC INFO - [admin1] Plan 8 [Deploy KVStore] task [UpdateNthRNHelperHost] [4] started
2019-05-21 15:37:01.412 UTC INFO - [admin1] PlanProgress [id=8 name=Deploy KVStore state=RUNNING reportTime=2019-05-21 15:37:01 UTC numAttempts=1 generalTask_Total=9 generalTask_Successful=4 generalTask_NotStarted=5]
2019-05-21 15:37:01.415 UTC INFO - [admin1] Plan 8 [Deploy KVStore] task [UpdateNthRNHelperHost] [4] ended, state=SUCCEEDED
2019-05-21 15:37:01.415 UTC INFO - [admin1] Plan 8 [Deploy KVStore] task [NewNthRNParameters] [5] started
2019-05-21 15:37:01.438 UTC INFO - [admin1] PlanProgress [id=8 name=Deploy KVStore state=RUNNING reportTime=2019-05-21 15:37:01 UTC numAttempts=1 generalTask_Total=9 generalTask_Successful=5 generalTask_NotStarted=4]
2019-05-21 15:37:01.448 UTC INFO - [admin1] Plan 8 [Deploy KVStore] task [NewNthRNParameters] [5] ended, state=SUCCEEDED
2019-05-21 15:37:01.448 UTC INFO - [admin1] Plan 8 [Deploy KVStore] task [BroadcastTopo] [6] started
2019-05-21 15:37:01.450 UTC INFO - [admin1] Broadcasting topology seq# 4, changes for plan 8
2019-05-21 15:37:01.456 UTC INFO - [admin1] PlanProgress [id=8 name=Deploy KVStore state=RUNNING reportTime=2019-05-21 15:37:01 UTC numAttempts=1 generalTask_Total=9 generalTask_Successful=6 generalTask_NotStarted=3]
2019-05-21 15:37:01.461 UTC INFO - [admin1] Plan 8 [Deploy KVStore] task [BroadcastTopo] [6] ended, state=SUCCEEDED
2019-05-21 15:37:01.461 UTC INFO - [admin1] Plan 8 [Deploy KVStore] task [BroadcastMetadata] [7] started
2019-05-21 15:37:01.463 UTC INFO - [admin1] PlanProgress [id=8 name=Deploy KVStore state=RUNNING reportTime=2019-05-21 15:37:01 UTC numAttempts=1 generalTask_Total=9 generalTask_Successful=7 generalTask_NotStarted=2]
2019-05-21 15:36:55.268 UTC INFO - [rg1-rn1] RNSecurity: authenticator KERBEROS is not initialized, no implementation found
2019-05-21 15:36:55.268 UTC INFO - [rg1-rn1] RNSecurity: authenticator IDCSOAUTH is not initialized, no implementation found
2019-05-21 15:36:55.300 UTC INFO - [rg1-rn1] Thread[ rg1-rn1 RepNodeStateUpdateThread,5,RMI Runtime] started
2019-05-21 15:36:55.318 UTC INFO - [rg1-rn1] NoSQL version:18.1.19 2018-09-12 09:31:32 UTC  Build id: 2b4f4397f6d0 Edition: Community JE version:18.1.11 Java version:1.8.0_131
2019-05-21 15:36:55.318 UTC INFO - [rg1-rn1] JVM Runtime maxMemory:3,278,848 kB JE cache size:0 kB Max Offheap cache size:0 kB
2019-05-21 15:36:55.319 UTC INFO - [rg1-rn1] Non-default JE properties for environment: {je.rep.vlsn.logCacheSize=128, je.rep.envUnknownStateTimeout=10 s, je.env.runVerifier=false, je.log.faultReadSize=4096, je.rep.vlsn.distance=1000000, je.rep.replicaTimeout=10 s, je.env.runEvictor=true, je.cleaner.minUtilization=40, je.rep.replicaAckTimeout=5 s, je.lock.nLockTables=97, je.cleaner.threads=2, je.rep.replayMaxOpenDbHandles=100, je.log.writeQueueSize=2097152, je.evictor.criticalPercentage=20, je.log.iteratorReadSize=1048576, je.log.numBuffers=16, je.rep.feederTimeout=10 s, je.nodeMaxEntries=128, je.lock.timeout=10 s, je.rep.preHeartbeatTimeoutMs=5000000000, je.rep.consistencyPolicy=NoConsistencyRequiredPolicy, je.cleaner.minFileUtilization=5, je.txn.durability=write_no_sync,write_no_sync,simple_majority, je.cleaner.readSize=1048576, je.rep.ignoreSecondaryNodeId=true, je.rep.txnRollbackLimit=10, je.log.fileCacheSize=2000, je.log.fileMax=1073741824}
2019-05-21 15:36:55.319 UTC INFO - [rg1-rn1] DataChannelFactory: ssl
2019-05-21 15:36:55.320 UTC INFO - [rg1-rn1] Created new environment dir: /scratch/mirivier/view_storage/mirivier_x8cc/ecs/exacloud/stage2/exacloud/nosql/kv-18.1.19/./kvroot/kvstore/sn1/rg1-rn1/env
2019-05-21 15:36:55.322 UTC INFO - [rg1-rn1] Storage type of: /scratch/mirivier/view_storage/mirivier_x8cc/ecs/exacloud/stage2/exacloud/nosql/kv-18.1.19/./kvroot/kvstore/sn1/rg1-rn1/env is SSD
2019-05-21 15:36:55.326 UTC INFO - [rg1-rn1] Table manager created (max change history=1000)
2019-05-21 15:36:55.330 UTC INFO - [rg1-rn1] Partition database cache mode: EVICT_LN
2019-05-21 15:36:55.339 UTC INFO - [rg1-rn1] Starting task: interval is 20 SECONDS, delay is 4661(ms)
2019-05-21 15:36:55.357 UTC INFO - [rg1-rn1] Request type ALL is enabled
2019-05-21 15:36:55.363 UTC INFO - [rg1-rn1] Thread[ rg1-rn1 MetadataUpdateThread,5,RMI Runtime] started
2019-05-21 15:36:55.364 UTC INFO - [rg1-rn1] Registering GC listener with PS Scavenge
2019-05-21 15:36:55.364 UTC INFO - [rg1-rn1] Registering GC listener with PS MarkSweep
2019-05-21 15:36:55.378 UTC INFO - [rg1-rn1] Coordinating tasks:KVStorageStats, KVIndexCreationMax real permits:2
2019-05-21 15:36:55.380 UTC INFO - [rg1-rn1] Starting RepNodeService
2019-05-21 15:36:55.380 UTC INFO - [rg1-rn1] Starting RN MonitorAgent.  Server socket factory:<SSLServerSocketFactory backlog=1024 portRange=0,0 sslControl=SSLControl[ sslParameters=javax.net.ssl.SSLParameters@1d0f273b sslContext=javax.net.ssl.SSLContext@10f166b9 sslAuthenticator=null]> Client socket connect factory: <SSLClientSocketFactory name=kvstore|rn|monitor id=-2069041782 connectMs=10000 readMs=10000 kvStoreName=null clientUse=USER>
2019-05-21 15:36:55.408 UTC INFO - [rg1-rn1] Starting MonitorAgent
2019-05-21 15:36:55.426 UTC INFO - [rg1-rn1] Successfully created secure proxy for the repnode admin
2019-05-21 15:36:55.459 UTC INFO - [rg1-rn1] RepNodeAdmin registered
2019-05-21 15:36:55.477 UTC INFO - [rg1-rn1] JE recovery: POPULATE_UTILIZATION_PROFILE
2019-05-21 15:36:55.479 UTC INFO - [rg1-rn1] JE recovery: POPULATE_EXPIRATION_PROFILE
2019-05-21 15:36:55.480 UTC INFO - [rg1-rn1] JE recovery: REMOVE_TEMP_DBS
2019-05-21 15:36:55.480 UTC INFO - [rg1-rn1] JE recovery: CKPT
2019-05-21 15:36:55.491 UTC INFO - [rg1-rn1] JE recovery: RECOVERY_FINISHED
2019-05-21 15:36:55.500 UTC INFO - [rg1-rn1] JE: No server auth method
2019-05-21 15:36:55.508 UTC INFO - [rg1-rn1] JE: DTVLSN at start:0
2019-05-21 15:36:55.508 UTC INFO - [rg1-rn1] JE: node:NullNode(-1) state change from DETACHED to UNKNOWN
2019-05-21 15:36:55.515 UTC INFO - [rg1-rn1] JE: Current group size: 0
2019-05-21 15:36:55.515 UTC INFO - [rg1-rn1] JE: New node rg1-rn1(-1) unknown to rep group
2019-05-21 15:36:55.524 UTC INFO - [rg1-rn1] JE: Started ServiceDispatcher. HostPort=slc10zbn:5006
2019-05-21 15:36:55.527 UTC INFO - [rg1-rn1] JE: DataChannel factory: com.sleepycat.je.rep.utilint.net.SSLChannelFactory
2019-05-21 15:36:55.527 UTC INFO - [rg1-rn1] JE: Master changed to rg1-rn1
2019-05-21 15:36:55.531 UTC INFO - [rg1-rn1] JE: Nascent group. rg1-rn1 is master by virtue of being the first node.
2019-05-21 15:36:55.531 UTC INFO - [rg1-rn1] JE: node:rg1-rn1(1) state change from UNKNOWN to MASTER
2019-05-21 15:36:55.542 UTC INFO - [rg1-rn1] JE: Successfully added node:rg1-rn1(1) HostPort = slc10zbn: 5006 [ELECTABLE]
2019-05-21 15:36:55.546 UTC INFO - [rg1-rn1] JE: Updated minimum JE group version to 7.5.0
2019-05-21 15:36:55.551 UTC INFO - [rg1-rn1] JE recovery: BECOME_CONSISTENT
2019-05-21 15:36:55.552 UTC INFO - [rg1-rn1] JE: Node rg1-rn1 started
2019-05-21 15:36:55.552 UTC INFO - [rg1-rn1] JE: node:NullNode(-1) state change from MASTER to UNKNOWN
2019-05-21 15:36:55.553 UTC INFO - [rg1-rn1] JE: node:rg1-rn1(1) state change from UNKNOWN to MASTER
2019-05-21 15:36:55.553 UTC INFO - [rg1-rn1] JE: Feeder manager accepting requests.
2019-05-21 15:36:55.554 UTC INFO - [rg1-rn1] JE: Joining group as master
2019-05-21 15:36:55.554 UTC INFO - [rg1-rn1] Opened JE environment: 18.1.11 JVM max heap: 3,357,540,352 JE properties:  nodeName=null allowCreate=true recoveryProgressListener=true classLoader=false customStats=false cacheSize=2350278246 offHeapCacheSize=0 cacheMode=EVICT_LN txnNoSync=false txnWriteNoSync=false exceptionListener=false map={je.lock.timeout=10 s, je.cleaner.minFileUtilization=5, je.cleaner.readSize=1048576, je.log.faultReadSize=4096, je.rep.consistencyPolicy=NoConsistencyRequiredPolicy, je.log.fileMax=1073741824, je.rep.feederTimeout=10 s, je.rep.node.priority=1, je.file.logging.prefix=rg1-rn1, je.rep.nodeName=rg1-rn1, je.nodeMaxEntries=128, je.log.writeQueueSize=2097152, je.evictor.criticalPercentage=20, je.maxDisk=1073741824, je.maxMemoryPercent=70, je.env.runVerifier=false, je.rep.electableGroupSizeOverride=0, je.env.runEvictor=true, je.log.iteratorReadSize=1048576, je.txn.durability=WRITE_NO_SYNC,WRITE_NO_SYNC,SIMPLE_MAJORITY, je.maxOffHeapMemory=0, je.checkpointer.bytesInterval=2000000000, je.log.numBuffers=16, je.rep.nodeHostPort=slc10zbn:5006, je.rep.vlsn.distance=1000000, je.rep.txnRollbackLimit=10, je.rep.replayMaxOpenDbHandles=100, je.rep.ignoreSecondaryNodeId=true, je.maxMemory=0, je.file.logging.directory=./kvroot/kvstore/log, je.cleaner.minUtilization=40, je.env.isTransactional=true, je.log.fileCacheSize=2000, je.rep.helperHosts=slc10zbn:5006, je.rep.preHeartbeatTimeoutMs=5000000000, je.rep.vlsn.logCacheSize=128, je.rep.replicaTimeout=10 s, je.lock.nLockTables=97, je.rep.nodeType=ELECTABLE, je.rep.envUnknownStateTimeout=10 s, je.rep.preserveRecordVersion=true, je.rep.groupName=rg1, je.rep.replicaAckTimeout=5 s, je.cleaner.threads=2}
2019-05-21 15:36:55.576 UTC INFO - [rg1-rn1] Local Environment version updated to: 18.1.19 2018-09-12 09:31:32 UTC  Build id: 2b4f4397f6d0 Edition: Community Previous version:  none
2019-05-21 15:36:55.578 UTC INFO - [rg1-rn1] State change event: Tue May 21 08:36:55 PDT 2019, State: MASTER, Type: ELECTABLE, Master: rg1-rn1
2019-05-21 15:36:55.578 UTC INFO - [rg1-rn1] MigrationStateTracker queue added:MASTER
2019-05-21 15:36:55.578 UTC INFO - [rg1-rn1] TableManagerStateTracker queue added:MASTER
2019-05-21 15:36:55.578 UTC INFO - [rg1-rn1] MasterBalanceStateTracker queue added:MASTER
2019-05-21 15:36:55.578 UTC INFO - [rg1-rn1] TextIndexFeederStateTracker queue added:MASTER
2019-05-21 15:36:55.578 UTC INFO - [rg1-rn1] Replicated environment handle established. Cache size: 2350278246, State: MASTER
2019-05-21 15:36:55.579 UTC INFO - [rg1-rn1] Store did not contain a topology
2019-05-21 15:36:55.579 UTC INFO - [rg1-rn1] MasterBalanceStateTracker thread start: rg1-rn1
2019-05-21 15:36:55.586 UTC INFO - [rg1-rn1] Topology needs to be pushed to this node.
2019-05-21 15:36:55.584 UTC INFO - [rg1-rn1] MigrationStateTracker thread start: null
2019-05-21 15:36:55.586 UTC INFO - [rg1-rn1] Topology not immediately available - waiting
2019-05-21 15:36:55.586 UTC INFO - [rg1-rn1] Migration manager change state to MASTER.
2019-05-21 15:36:55.585 UTC INFO - [rg1-rn1] TableManagerStateTracker thread start: rg1-rn1
2019-05-21 15:36:55.586 UTC INFO - [rg1-rn1] Table manager change state to MASTER
2019-05-21 15:36:55.586 UTC INFO - [rg1-rn1] TextIndexFeederStateTracker thread start: rg1-rn1
2019-05-21 15:36:55.590 UTC INFO - [rg1-rn1] received state change MASTER
2019-05-21 15:36:55.590 UTC INFO - [rg1-rn1] no text index found, skip starting TIF.
2019-05-21 15:36:55.595 UTC INFO - [rg1-rn1] Starting Thread[KV table maintenance,5,]
2019-05-21 15:36:55.598 UTC INFO - [rg1-rn1] Migration service accepting requests.
2019-05-21 15:37:01.467 UTC INFO - [admin1] Plan 8 [Deploy KVStore] task [BroadcastMetadata] [7] ended, state=SUCCEEDED
2019-05-21 15:37:01.468 UTC INFO - [admin1] Plan 8 [Deploy KVStore] task [AddPartitions totalPartitions=10] [8] started
2019-05-21 15:37:00.587 UTC INFO - [rg1-rn1] Topology is not ready
2019-05-21 15:37:00.600 UTC INFO - [rg1-rn1] Successfully created secure proxy for the user login
2019-05-21 15:37:00.600 UTC INFO - [rg1-rn1] Starting RN Login.  Server socket factory:<SSLServerSocketFactory backlog=1024 portRange=0,0 sslControl=SSLControl[ sslParameters=javax.net.ssl.SSLParameters@1d0f273b sslContext=javax.net.ssl.SSLContext@10f166b9 sslAuthenticator=null]> Client socket connect factory: <SSLClientSocketFactory name=kvstore|rn|login id=403961502 connectMs=10000 readMs=10000 kvStoreName=null clientUse=USER>
2019-05-21 15:37:00.619 UTC INFO - [rg1-rn1] Starting UserLogin
2019-05-21 15:37:00.619 UTC INFO - [rg1-rn1] Service status changed from STARTING to RUNNING
2019-05-21 15:37:01.471 UTC INFO - [admin1] [rg1-rn1] Service status: RUNNING 2019-05-21 15:37:00 UTC
2019-05-21 15:37:00.619 UTC INFO - [rg1-rn1] Started RepNodeService
2019-05-21 15:37:01.338 UTC INFO - [rg1-rn1] Topology updated from seq#: 0 to 4
2019-05-21 15:37:01.349 UTC INFO - [rg1-rn1] Updated signature for topology seq# 4
2019-05-21 15:37:01.354 UTC INFO - [rg1-rn1] Environment changed, ignoring trigger for SecurityMetadata
2019-05-21 15:37:01.355 UTC INFO - [rg1-rn1] Open SecurityMetadata DB
2019-05-21 15:37:01.357 UTC INFO - [rg1-rn1] Established 0 partition database handles, topology seq#: 4
2019-05-21 15:37:01.362 UTC INFO - [rg1-rn1] Environment changed, ignoring trigger for TableMetadata
2019-05-21 15:37:01.362 UTC INFO - [rg1-rn1] Open TableMetadata DB
2019-05-21 15:37:01.363 UTC INFO - [rg1-rn1] Establishing secondary database handles, table seq#: 0
2019-05-21 15:37:01.364 UTC INFO - [rg1-rn1] Established 0 secondary database handles
2019-05-21 15:37:01.364 UTC INFO - [rg1-rn1] Establishing secondary database handles, table seq#: 0
2019-05-21 15:37:01.376 UTC INFO - [rg1-rn1] Topology stored seq#: 4
2019-05-21 15:37:01.379 UTC INFO - [rg1-rn1] Updating table metadata with TableMetadata[4, 4, 4]
2019-05-21 15:37:01.385 UTC INFO - [rg1-rn1] Environment changed, ignoring trigger for TableMetadata
2019-05-21 15:37:01.385 UTC INFO - [rg1-rn1] Metadata stored type: TABLE, seq#: 4
2019-05-21 15:37:01.387 UTC INFO - [rg1-rn1] Starting Thread[KV table maintenance,5,]
2019-05-21 15:37:01.387 UTC INFO - [rg1-rn1] Establishing secondary database handles, table seq#: 4
2019-05-21 15:37:01.390 UTC INFO - [rg1-rn1] Established 0 secondary database handles
2019-05-21 15:37:01.475 UTC INFO - [admin1] Broadcasting topology seq# 14, changes for Initializing new partitions
2019-05-21 15:37:01.492 UTC INFO - [admin1] PlanProgress [id=8 name=Deploy KVStore state=RUNNING reportTime=2019-05-21 15:37:01 UTC numAttempts=1 generalTask_Total=9 generalTask_Successful=8 generalTask_NotStarted=1]
2019-05-21 15:37:01.495 UTC INFO - [admin1] Plan 8 [Deploy KVStore] task [AddPartitions totalPartitions=10] [8] ended, state=SUCCEEDED
2019-05-21 15:37:01.495 UTC INFO - [admin1] Plan 8 [Deploy KVStore] task [BroadcastTopo] [9] started
2019-05-21 15:37:01.496 UTC INFO - [admin1] Broadcasting topology seq# 14, changes for plan 8
2019-05-21 15:37:01.500 UTC INFO - [admin1] PlanProgress [id=8 name=Deploy KVStore state=RUNNING reportTime=2019-05-21 15:37:01 UTC numAttempts=1 generalTask_Total=9 generalTask_Successful=9]
2019-05-21 15:37:01.502 UTC INFO - [admin1] Plan 8 [Deploy KVStore] task [BroadcastTopo] [9] ended, state=SUCCEEDED
2019-05-21 15:37:01.503 UTC INFO - [admin1] PlanStateChange [id=8 name=Deploy KVStore state=SUCCEEDED at 2019-05-21 15:37:01 UTC numAttempts=1 : Plan finished.]
2019-05-21 15:37:01.509 UTC SEC_INFO - [admin1] KVAuditInfo [Plan 8 [Deploy KVStore], owned by , executed by  from 10.196.54.182 ended, state=SUCCEEDED]
2019-05-21 15:37:01.536 UTC INFO - [admin1] PlanStateChange [id=9 name=Create User state=APPROVED at 2019-05-21 15:37:01 UTC numAttempts=0 : approval requested]
2019-05-21 15:37:01.539 UTC INFO - [admin1] Plan 9 [Create User] approved
2019-05-21 15:37:01.540 UTC INFO - [admin1] PlanStateChange [id=9 name=Create User state=RUNNING at 2019-05-21 15:37:01 UTC numAttempts=1 : Plan is starting]
2019-05-21 15:37:01.540 UTC INFO - [admin1] Plan 9 [Create User] started, 1 tasks
2019-05-21 15:37:01.545 UTC INFO - [admin1] Plan 9 [Create User] task [AddUser] [1] started
2019-05-21 15:37:01.613 UTC INFO - [admin1] Plan 9 [Create User] broadcasting SecurityMetadata id=SecurityMD-1558453021547 seq# 1 for AddUser
2019-05-21 15:37:01.624 UTC INFO - [admin1] Plan 9 [Create User] successful broadcast to all groups of SECURITY metadata seq# 1, for AddUser, attempts=1
2019-05-21 15:37:01.625 UTC INFO - [admin1] PlanProgress [id=9 name=Create User state=RUNNING reportTime=2019-05-21 15:37:01 UTC numAttempts=1 generalTask_Total=1 generalTask_Successful=1]
2019-05-21 15:37:01.627 UTC INFO - [admin1] Plan 9 [Create User] task [AddUser] [1] ended, state=SUCCEEDED
2019-05-21 15:37:01.628 UTC INFO - [admin1] PlanStateChange [id=9 name=Create User state=SUCCEEDED at 2019-05-21 15:37:01 UTC numAttempts=1 : Plan finished.]
2019-05-21 15:37:01.630 UTC SEC_INFO - [admin1] KVAuditInfo [Plan 9 [Create User], owned by , executed by  from 10.196.54.182 ended, state=SUCCEEDED]
2019-05-21 15:37:01.646 UTC INFO - [admin1] PlanStateChange [id=10 name=Grant User state=APPROVED at 2019-05-21 15:37:01 UTC numAttempts=0 : approval requested]
2019-05-21 15:37:01.648 UTC INFO - [admin1] Plan 10 [Grant User] approved
2019-05-21 15:37:01.650 UTC INFO - [admin1] PlanStateChange [id=10 name=Grant User state=RUNNING at 2019-05-21 15:37:01 UTC numAttempts=1 : Plan is starting]
2019-05-21 15:37:01.650 UTC INFO - [admin1] Plan 10 [Grant User] started, 2 tasks
2019-05-21 15:37:01.683 UTC INFO - [admin1] Plan 10 [Grant User] task [GrantRoles] [1] started
2019-05-21 15:37:01.688 UTC INFO - [admin1] Plan 10 [Grant User] broadcasting SecurityMetadata id=SecurityMD-1558453021547 seq# 2 for GrantRoles
2019-05-21 15:37:01.803 UTC INFO - [admin1] Plan 10 [Grant User] successful broadcast to all groups of SECURITY metadata seq# 2, for GrantRoles, attempts=1
2019-05-21 15:37:01.803 UTC INFO - [admin1] PlanProgress [id=10 name=Grant User state=RUNNING reportTime=2019-05-21 15:37:01 UTC numAttempts=1 generalTask_Total=2 generalTask_Successful=1 generalTask_NotStarted=1]
2019-05-21 15:37:01.806 UTC INFO - [admin1] Plan 10 [Grant User] task [GrantRoles] [1] ended, state=SUCCEEDED
2019-05-21 15:37:01.807 UTC INFO - [admin1] Plan 10 [Grant User] task [NewSecurityMDChange cause admin1 to apply the latest security metadata change] [2] started
2019-05-21 15:37:01.847 UTC INFO - [admin1] Sessions of AdminLoginHandler has been updated with metadata change 2
2019-05-21 15:37:01.847 UTC INFO - [admin1] newSecurityMDChange: update with the latest security metadata change
2019-05-21 15:37:01.848 UTC INFO - [admin1] PlanProgress [id=10 name=Grant User state=RUNNING reportTime=2019-05-21 15:37:01 UTC numAttempts=1 generalTask_Total=2 generalTask_Successful=2]
2019-05-21 15:37:01.851 UTC INFO - [admin1] Plan 10 [Grant User] task [NewSecurityMDChange cause admin1 to apply the latest security metadata change] [2] ended, state=SUCCEEDED
2019-05-21 15:37:01.852 UTC INFO - [admin1] PlanStateChange [id=10 name=Grant User state=SUCCEEDED at 2019-05-21 15:37:01 UTC numAttempts=1 : Plan finished.]
2019-05-21 15:37:01.855 UTC SEC_INFO - [admin1] KVAuditInfo [Plan 10 [Grant User], owned by , executed by  from 10.196.54.182 ended, state=SUCCEEDED]
2019-05-21 15:37:04.778 UTC INFO - [admin1] Exit Thread[System table monitor,5,RMI Runtime]
2019-05-21 15:36:54.984 UTC INFO - [sn1] Failed to find the internal session for login token 1180296021
2019-05-21 15:36:54.984 UTC INFO - [sn1] Internal operation attempt to call StorageNodeAgentInterface.createAdmin(ParameterMap,AuthContext,short) access from 10.196.54.182, accessing with an expired or non-existent login token, will attempt to acquire a new token.
2019-05-21 15:36:54.995 UTC INFO - [sn1] admin1: Creating AdminService
2019-05-21 15:36:55.026 UTC INFO - [sn1] admin1: Created AdminService
2019-05-21 15:36:55.206 UTC INFO - [sn1] rg1-rn1: Creating RepNode
2019-05-21 15:36:55.237 UTC INFO - [sn1] rg1-rn1: Starting RepNode
2019-05-21 15:36:55.238 UTC INFO - [sn1] rg1-rn1: Started RepNode
2019-05-21 15:36:55.238 UTC INFO - [sn1] rg1-rn1: Configuring RepNode
2019-05-21 15:37:00.619 UTC INFO - [sn1] Thread returning for service rg1-rn1
2019-05-21 15:37:01.387 UTC INFO - [sn1] rg1-rn1: Created RepNode
2019-05-21 15:37:01.596 UTC INFO - [sn1] noteState called
2019-05-21 15:37:01.597 UTC INFO - [sn1] added:State RN:rg1-rn1 state: MASTER top seq num: 14
2019-05-21 15:37:01.597 UTC INFO - [sn1] sn: sn1 state transition: State RN:rg1-rn1 state: MASTER top seq num: 14 active masters:[rg1-rn1] active replicas:0 replica leases:0
2019-05-21 15:37:01.597 UTC INFO - [sn1] Acquiring initial topology from RNs
2019-05-21 15:37:01.602 UTC INFO - [sn1] Topology acquired from RN: rg1-rn1 Topo seq#: 14
2019-05-21 15:37:01.437 UTC INFO - [rg1-rn1] newParameters are identical to old parameters
2019-05-21 15:37:01.482 UTC INFO - [rg1-rn1] Topology incrementally updated from seq#: 4 to 14
2019-05-21 15:37:01.485 UTC INFO - [rg1-rn1] Updated signature for topology seq# 14
2019-05-21 15:37:01.490 UTC INFO - [rg1-rn1] Topology stored seq#: 14
2019-05-21 15:37:01.490 UTC INFO - [rg1-rn1] Starting Thread[KV table maintenance,5,]
2019-05-21 15:37:01.490 UTC INFO - [rg1-rn1] Establishing secondary database handles, table seq#: 4
2019-05-21 15:37:01.497 UTC INFO - [rg1-rn1] Established 0 secondary database handles
2019-05-21 15:37:01.498 UTC INFO - [rg1-rn1] Established 10 partition database handles, topology seq#: 14
2019-05-21 15:37:01.624 UTC INFO - [rg1-rn1] Environment changed, ignoring trigger for SecurityMetadata
2019-05-21 15:37:01.624 UTC INFO - [rg1-rn1] Metadata stored type: SECURITY, seq#: 1
2019-05-21 15:37:01.624 UTC INFO - [rg1-rn1] Security metadata updated from seq#: 0 to 1
2019-05-21 15:37:01.698 UTC INFO - [rg1-rn1] Environment changed, ignoring trigger for SecurityMetadata
2019-05-21 15:37:01.698 UTC INFO - [rg1-rn1] Metadata stored type: SECURITY, seq#: 2
2019-05-21 15:37:01.699 UTC INFO - [rg1-rn1] Attempting to update sessions with metadata change: 2
2019-05-21 15:37:01.728 UTC INFO - [rg1-rn1] Establishing RMI connection for admin DDL
2019-05-21 15:37:01.769 UTC INFO - [rg1-rn1] Establishing RMI connection for admin DDL
2019-05-21 15:37:01.772 UTC INFO - [rg1-rn1] Establishing RMI connection for admin DDL
2019-05-21 15:37:01.775 UTC INFO - [rg1-rn1] session cleanup task scheduled to run in 3198 seconds, with period of 3600 seconds
2019-05-21 15:37:01.802 UTC INFO - [rg1-rn1] Sessions has been updated with metadata change: 2
2019-05-21 15:37:01.803 UTC INFO - [rg1-rn1] Security metadata updated from seq#: 1 to 2
2019-05-21 15:37:50.295 UTC SEC_INFO - [admin1] KVAuditInfo [User: admin, ClientHost: 10.196.54.182, AuthHost: , Operation Desc: LOGIN, Status: SUCCEEDED]
2019-05-21 15:37:45.587 UTC SEC_INFO - [rg1-rn1] KVAuditInfo [User: admin, ClientHost: 10.196.54.182, AuthHost: , Operation Desc: LOGIN, Status: SUCCEEDED]
2019-05-21 15:37:50.591 UTC SEC_INFO - [rg1-rn1] KVAuditInfo [User: admin, ClientHost: 10.196.54.182, AuthHost: , Operation Desc: LOGIN, Status: SUCCEEDED]
2019-05-21 15:42:55.312 UTC INFO - [admin1] PlanStateChange [id=12 name=CreateTable Users2 state=APPROVED at 2019-05-21 15:42:55 UTC numAttempts=0 : approval requested]
2019-05-21 15:42:55.315 UTC INFO - [admin1] Plan 12 [CreateTable Users2] approved
2019-05-21 15:42:55.316 UTC INFO - [admin1] PlanStateChange [id=12 name=CreateTable Users2 state=RUNNING at 2019-05-21 15:42:55 UTC numAttempts=1 : Plan is starting]
2019-05-21 15:42:55.316 UTC INFO - [admin1] Plan 12 [CreateTable Users2] started, 1 tasks
2019-05-21 15:42:55.319 UTC INFO - [admin1] Plan 12 [CreateTable Users2] task [AddTable Users2] [1] started
2019-05-21 15:42:55.329 UTC INFO - [admin1] Plan 12 [CreateTable Users2] broadcasting TableMetadata[5, 5, 5] for AddTable Users2
2019-05-21 15:42:55.350 UTC INFO - [admin1] Plan 12 [CreateTable Users2] successful broadcast to all groups of TABLE metadata seq# 5, for AddTable Users2, attempts=1
2019-05-21 15:42:55.350 UTC INFO - [admin1] PlanProgress [id=12 name=CreateTable Users2 state=RUNNING reportTime=2019-05-21 15:42:55 UTC numAttempts=1 generalTask_Total=1 generalTask_Successful=1]
2019-05-21 15:42:55.353 UTC INFO - [admin1] Plan 12 [CreateTable Users2] task [AddTable Users2] [1] ended, state=SUCCEEDED
2019-05-21 15:42:55.353 UTC INFO - [admin1] PlanStateChange [id=12 name=CreateTable Users2 state=SUCCEEDED at 2019-05-21 15:42:55 UTC numAttempts=1 : Plan finished.]
2019-05-21 15:42:55.357 UTC SEC_INFO - [admin1] KVAuditInfo [Plan 12 [CreateTable Users2], owned by admin(id:u1), executed by admin from 10.196.54.182 ended, state=SUCCEEDED]
2019-05-21 15:42:54.233 UTC SEC_INFO - [rg1-rn1] KVAuditInfo [User: admin, ClientHost: 10.196.54.182, AuthHost: , Operation Desc: LOGIN, Status: SUCCEEDED]
2019-05-21 15:42:55.344 UTC INFO - [rg1-rn1] Successful update of table metadata with TableChangeList[5, 1]
2019-05-21 15:42:55.349 UTC INFO - [rg1-rn1] Environment changed, ignoring trigger for TableMetadata
2019-05-21 15:42:55.349 UTC INFO - [rg1-rn1] Metadata stored type: TABLE, seq#: 5
2019-05-21 15:42:55.350 UTC INFO - [rg1-rn1] Starting Thread[KV table maintenance,5,]
2019-05-21 15:42:55.350 UTC INFO - [rg1-rn1] Establishing secondary database handles, table seq#: 5
2019-05-21 15:42:55.352 UTC INFO - [rg1-rn1] Established 0 secondary database handles
2019-05-21 16:36:54.570 UTC INFO - [admin1] Saving create update software version plan
2019-05-21 16:36:54.574 UTC INFO - [admin1] PlanStateChange [id=13 name=SYS$UpdateVersionMetadata state=APPROVED at 2019-05-21 16:36:54 UTC numAttempts=0 : approval requested]
2019-05-21 16:36:54.586 UTC INFO - [admin1] Plan 13 [SYS$UpdateVersionMetadata] approved
2019-05-21 16:36:54.587 UTC INFO - [admin1] PlanStateChange [id=13 name=SYS$UpdateVersionMetadata state=RUNNING at 2019-05-21 16:36:54 UTC numAttempts=1 : Plan is starting]
2019-05-21 16:36:54.587 UTC INFO - [admin1] Plan 13 [SYS$UpdateVersionMetadata] started, 1 tasks
2019-05-21 16:36:54.596 UTC INFO - [admin1] Plan 13 [SYS$UpdateVersionMetadata] task [UpdateSoftwareVersion] [1] started
2019-05-21 16:36:54.645 UTC INFO - [admin1] PlanProgress [id=13 name=SYS$UpdateVersionMetadata state=RUNNING reportTime=2019-05-21 16:36:54 UTC numAttempts=1 generalTask_Total=1 generalTask_Successful=1]
2019-05-21 16:36:54.648 UTC INFO - [admin1] Plan 13 [SYS$UpdateVersionMetadata] task [UpdateSoftwareVersion] [1] ended, state=SUCCEEDED
2019-05-21 16:36:54.649 UTC INFO - [admin1] PlanStateChange [id=13 name=SYS$UpdateVersionMetadata state=SUCCEEDED at 2019-05-21 16:36:54 UTC numAttempts=1 : Plan finished.]
2019-05-21 16:36:54.651 UTC INFO - [admin1] Plan 13 [SYS$UpdateVersionMetadata] ended, state=SUCCEEDED
2019-05-21 16:36:54.663 UTC INFO - [admin1] PlanStateChange [id=14 name=SYS$UpdateGlobalVersionMetadata state=APPROVED at 2019-05-21 16:36:54 UTC numAttempts=0 : approval requested]
2019-05-21 16:36:54.693 UTC INFO - [admin1] Plan 14 [SYS$UpdateGlobalVersionMetadata] approved
2019-05-21 16:36:54.693 UTC INFO - [admin1] PlanStateChange [id=14 name=SYS$UpdateGlobalVersionMetadata state=RUNNING at 2019-05-21 16:36:54 UTC numAttempts=1 : Plan is starting]
2019-05-21 16:36:54.693 UTC INFO - [admin1] Plan 14 [SYS$UpdateGlobalVersionMetadata] started, 3 tasks
2019-05-21 16:36:54.697 UTC INFO - [admin1] Plan 14 [SYS$UpdateGlobalVersionMetadata] task [WriteNewGlobalParams sn1] [1] started
2019-05-21 16:36:54.699 UTC INFO - [admin1] Plan 14 [SYS$UpdateGlobalVersionMetadata] task [WriteNewGlobalParams sn1] changing Global params for sn1:  {storeSoftwareVersion=Parameter[storeSoftwareVersion, STRING, 18.1.19]}
2019-05-21 16:36:54.711 UTC INFO - [admin1] PlanProgress [id=14 name=SYS$UpdateGlobalVersionMetadata state=RUNNING reportTime=2019-05-21 16:36:54 UTC numAttempts=1 generalTask_Total=3 generalTask_Successful=1 generalTask_NotStarted=2]
2019-05-21 16:36:54.727 UTC INFO - [admin1] Plan 14 [SYS$UpdateGlobalVersionMetadata] task [WriteNewGlobalParams sn1] [1] ended, state=SUCCEEDED
2019-05-21 16:36:54.728 UTC INFO - [admin1] Plan 14 [SYS$UpdateGlobalVersionMetadata] task [NewRNGlobalParameters refresh rg1-rn1 global parameter state without restarting] [2] started
2019-05-21 16:36:54.746 UTC INFO - [admin1] PlanProgress [id=14 name=SYS$UpdateGlobalVersionMetadata state=RUNNING reportTime=2019-05-21 16:36:54 UTC numAttempts=1 generalTask_Total=3 generalTask_Successful=2 generalTask_NotStarted=1]
2019-05-21 16:36:54.767 UTC INFO - [admin1] Plan 14 [SYS$UpdateGlobalVersionMetadata] task [NewRNGlobalParameters refresh rg1-rn1 global parameter state without restarting] [2] ended, state=SUCCEEDED
2019-05-21 16:36:54.767 UTC INFO - [admin1] Plan 14 [SYS$UpdateGlobalVersionMetadata] task [NewAdminGlobalParameters refresh admin1 global parameter state without restarting] [3] started
2019-05-21 16:36:54.776 UTC INFO - [admin1] newGlobalParameters: refreshing global parameters
2019-05-21 16:36:54.776 UTC INFO - [admin1] PlanProgress [id=14 name=SYS$UpdateGlobalVersionMetadata state=RUNNING reportTime=2019-05-21 16:36:54 UTC numAttempts=1 generalTask_Total=3 generalTask_Successful=3]
2019-05-21 16:36:54.779 UTC INFO - [admin1] Plan 14 [SYS$UpdateGlobalVersionMetadata] task [NewAdminGlobalParameters refresh admin1 global parameter state without restarting] [3] ended, state=SUCCEEDED
2019-05-21 16:36:54.779 UTC INFO - [admin1] PlanStateChange [id=14 name=SYS$UpdateGlobalVersionMetadata state=SUCCEEDED at 2019-05-21 16:36:54 UTC numAttempts=1 : Plan finished.]
2019-05-21 16:36:54.782 UTC INFO - [admin1] Plan 14 [SYS$UpdateGlobalVersionMetadata] ended, state=SUCCEEDED
2019-05-21 16:36:54.636 UTC INFO - [sn1] newStorageNodeParameters called
2019-05-21 16:36:54.644 UTC INFO - [sn1] replaceStorageNodeParams: changing:  {softwareVersion=Parameter[softwareVersion, STRING, 18.1.19]}
2019-05-21 16:36:54.705 UTC INFO - [sn1] newGlobalParameters called
2019-05-21 16:36:54.709 UTC INFO - [sn1] CollectorService: JMXCollectorAgent stop.
2019-05-21 16:36:54.745 UTC INFO - [rg1-rn1] newGlobalParameters: refreshing global parameters
