2019-05-21 15:36:55.253 UTC INFO [rg1-rn1] JVM java.net.InetAddress properties: cache.ttl=-1 cache.negative.ttl=-1
2019-05-21 15:36:55.268 UTC INFO [rg1-rn1] RNSecurity: authenticator KERBEROS is not initialized, no implementation found
2019-05-21 15:36:55.268 UTC INFO [rg1-rn1] RNSecurity: authenticator IDCSOAUTH is not initialized, no implementation found
2019-05-21 15:36:55.300 UTC INFO [rg1-rn1] Thread[ rg1-rn1 RepNodeStateUpdateThread,5,RMI Runtime] started
2019-05-21 15:36:55.318 UTC INFO [rg1-rn1] NoSQL version:18.1.19 2018-09-12 09:31:32 UTC  Build id: 2b4f4397f6d0 Edition: Community JE version:18.1.11 Java version:1.8.0_131
2019-05-21 15:36:55.318 UTC INFO [rg1-rn1] JVM Runtime maxMemory:3,278,848 kB JE cache size:0 kB Max Offheap cache size:0 kB
2019-05-21 15:36:55.319 UTC INFO [rg1-rn1] Non-default JE properties for environment: {je.rep.vlsn.logCacheSize=128, je.rep.envUnknownStateTimeout=10 s, je.env.runVerifier=false, je.log.faultReadSize=4096, je.rep.vlsn.distance=1000000, je.rep.replicaTimeout=10 s, je.env.runEvictor=true, je.cleaner.minUtilization=40, je.rep.replicaAckTimeout=5 s, je.lock.nLockTables=97, je.cleaner.threads=2, je.rep.replayMaxOpenDbHandles=100, je.log.writeQueueSize=2097152, je.evictor.criticalPercentage=20, je.log.iteratorReadSize=1048576, je.log.numBuffers=16, je.rep.feederTimeout=10 s, je.nodeMaxEntries=128, je.lock.timeout=10 s, je.rep.preHeartbeatTimeoutMs=5000000000, je.rep.consistencyPolicy=NoConsistencyRequiredPolicy, je.cleaner.minFileUtilization=5, je.txn.durability=write_no_sync,write_no_sync,simple_majority, je.cleaner.readSize=1048576, je.rep.ignoreSecondaryNodeId=true, je.rep.txnRollbackLimit=10, je.log.fileCacheSize=2000, je.log.fileMax=1073741824}
2019-05-21 15:36:55.319 UTC INFO [rg1-rn1] DataChannelFactory: ssl
2019-05-21 15:36:55.320 UTC INFO [rg1-rn1] Created new environment dir: /scratch/mirivier/view_storage/mirivier_x8cc/ecs/exacloud/stage2/exacloud/nosql/kv-18.1.19/./kvroot/kvstore/sn1/rg1-rn1/env
2019-05-21 15:36:55.322 UTC INFO [rg1-rn1] Storage type of: /scratch/mirivier/view_storage/mirivier_x8cc/ecs/exacloud/stage2/exacloud/nosql/kv-18.1.19/./kvroot/kvstore/sn1/rg1-rn1/env is SSD
2019-05-21 15:36:55.326 UTC INFO [rg1-rn1] Table manager created (max change history=1,000)
2019-05-21 15:36:55.330 UTC INFO [rg1-rn1] Partition database cache mode: EVICT_LN
2019-05-21 15:36:55.339 UTC INFO [rg1-rn1] Starting task: interval is 20 SECONDS, delay is 4661(ms)
2019-05-21 15:36:55.357 UTC INFO [rg1-rn1] Request type ALL is enabled
2019-05-21 15:36:55.363 UTC INFO [rg1-rn1] Thread[ rg1-rn1 MetadataUpdateThread,5,RMI Runtime] started
2019-05-21 15:36:55.364 UTC INFO [rg1-rn1] Registering GC listener with PS Scavenge
2019-05-21 15:36:55.364 UTC INFO [rg1-rn1] Registering GC listener with PS MarkSweep
2019-05-21 15:36:55.378 UTC INFO [rg1-rn1] Coordinating tasks:KVStorageStats, KVIndexCreationMax real permits:2
2019-05-21 15:36:55.380 UTC INFO [rg1-rn1] Starting RepNodeService
2019-05-21 15:36:55.380 UTC INFO [rg1-rn1] Starting RN MonitorAgent.  Server socket factory:<SSLServerSocketFactory backlog=1024 portRange=0,0 sslControl=SSLControl[ sslParameters=javax.net.ssl.SSLParameters@1d0f273b sslContext=javax.net.ssl.SSLContext@10f166b9 sslAuthenticator=null]> Client socket connect factory: <SSLClientSocketFactory name=kvstore|rn|monitor id=-2069041782 connectMs=10000 readMs=10000 kvStoreName=null clientUse=USER>
2019-05-21 15:36:55.408 UTC INFO [rg1-rn1] Starting MonitorAgent
2019-05-21 15:36:55.426 UTC INFO [rg1-rn1] Successfully created secure proxy for the repnode admin
2019-05-21 15:36:55.459 UTC INFO [rg1-rn1] RepNodeAdmin registered
2019-05-21 15:36:55.477 UTC INFO [rg1-rn1] JE recovery: POPULATE_UTILIZATION_PROFILE
2019-05-21 15:36:55.479 UTC INFO [rg1-rn1] JE recovery: POPULATE_EXPIRATION_PROFILE
2019-05-21 15:36:55.480 UTC INFO [rg1-rn1] JE recovery: REMOVE_TEMP_DBS
2019-05-21 15:36:55.480 UTC INFO [rg1-rn1] JE recovery: CKPT
2019-05-21 15:36:55.491 UTC INFO [rg1-rn1] JE recovery: RECOVERY_FINISHED
2019-05-21 15:36:55.500 UTC INFO [rg1-rn1] JE: No server auth method
2019-05-21 15:36:55.508 UTC INFO [rg1-rn1] JE: DTVLSN at start:0
2019-05-21 15:36:55.508 UTC INFO [rg1-rn1] JE: node:NullNode(-1) state change from DETACHED to UNKNOWN
2019-05-21 15:36:55.515 UTC INFO [rg1-rn1] JE: Current group size: 0
2019-05-21 15:36:55.515 UTC INFO [rg1-rn1] JE: New node rg1-rn1(-1) unknown to rep group
2019-05-21 15:36:55.524 UTC INFO [rg1-rn1] JE: Started ServiceDispatcher. HostPort=slc10zbn:5006
2019-05-21 15:36:55.527 UTC INFO [rg1-rn1] JE: DataChannel factory: com.sleepycat.je.rep.utilint.net.SSLChannelFactory
2019-05-21 15:36:55.527 UTC INFO [rg1-rn1] JE: Master changed to rg1-rn1
2019-05-21 15:36:55.531 UTC INFO [rg1-rn1] JE: Nascent group. rg1-rn1 is master by virtue of being the first node.
2019-05-21 15:36:55.531 UTC INFO [rg1-rn1] JE: node:rg1-rn1(1) state change from UNKNOWN to MASTER
2019-05-21 15:36:55.542 UTC INFO [rg1-rn1] JE: Successfully added node:rg1-rn1(1) HostPort = slc10zbn: 5006 [ELECTABLE]
2019-05-21 15:36:55.546 UTC INFO [rg1-rn1] JE: Updated minimum JE group version to 7.5.0
2019-05-21 15:36:55.551 UTC INFO [rg1-rn1] JE recovery: BECOME_CONSISTENT
2019-05-21 15:36:55.552 UTC INFO [rg1-rn1] JE: Node rg1-rn1 started
2019-05-21 15:36:55.552 UTC INFO [rg1-rn1] JE: node:NullNode(-1) state change from MASTER to UNKNOWN
2019-05-21 15:36:55.553 UTC INFO [rg1-rn1] JE: node:rg1-rn1(1) state change from UNKNOWN to MASTER
2019-05-21 15:36:55.553 UTC INFO [rg1-rn1] JE: Feeder manager accepting requests.
2019-05-21 15:36:55.554 UTC INFO [rg1-rn1] JE: Joining group as master
2019-05-21 15:36:55.554 UTC INFO [rg1-rn1] Opened JE environment: 18.1.11 JVM max heap: 3,357,540,352 JE properties:  nodeName=null allowCreate=true recoveryProgressListener=true classLoader=false customStats=false cacheSize=2350278246 offHeapCacheSize=0 cacheMode=EVICT_LN txnNoSync=false txnWriteNoSync=false exceptionListener=false map={je.lock.timeout=10 s, je.cleaner.minFileUtilization=5, je.cleaner.readSize=1048576, je.log.faultReadSize=4096, je.rep.consistencyPolicy=NoConsistencyRequiredPolicy, je.log.fileMax=1073741824, je.rep.feederTimeout=10 s, je.rep.node.priority=1, je.file.logging.prefix=rg1-rn1, je.rep.nodeName=rg1-rn1, je.nodeMaxEntries=128, je.log.writeQueueSize=2097152, je.evictor.criticalPercentage=20, je.maxDisk=1073741824, je.maxMemoryPercent=70, je.env.runVerifier=false, je.rep.electableGroupSizeOverride=0, je.env.runEvictor=true, je.log.iteratorReadSize=1048576, je.txn.durability=WRITE_NO_SYNC,WRITE_NO_SYNC,SIMPLE_MAJORITY, je.maxOffHeapMemory=0, je.checkpointer.bytesInterval=2000000000, je.log.numBuffers=16, je.rep.nodeHostPort=slc10zbn:5006, je.rep.vlsn.distance=1000000, je.rep.txnRollbackLimit=10, je.rep.replayMaxOpenDbHandles=100, je.rep.ignoreSecondaryNodeId=true, je.maxMemory=0, je.file.logging.directory=./kvroot/kvstore/log, je.cleaner.minUtilization=40, je.env.isTransactional=true, je.log.fileCacheSize=2000, je.rep.helperHosts=slc10zbn:5006, je.rep.preHeartbeatTimeoutMs=5000000000, je.rep.vlsn.logCacheSize=128, je.rep.replicaTimeout=10 s, je.lock.nLockTables=97, je.rep.nodeType=ELECTABLE, je.rep.envUnknownStateTimeout=10 s, je.rep.preserveRecordVersion=true, je.rep.groupName=rg1, je.rep.replicaAckTimeout=5 s, je.cleaner.threads=2}
2019-05-21 15:36:55.576 UTC INFO [rg1-rn1] Local Environment version updated to: 18.1.19 2018-09-12 09:31:32 UTC  Build id: 2b4f4397f6d0 Edition: Community Previous version:  none
2019-05-21 15:36:55.578 UTC INFO [rg1-rn1] State change event: Tue May 21 08:36:55 PDT 2019, State: MASTER, Type: ELECTABLE, Master: rg1-rn1
2019-05-21 15:36:55.578 UTC INFO [rg1-rn1] MigrationStateTracker queue added:MASTER
2019-05-21 15:36:55.578 UTC INFO [rg1-rn1] TableManagerStateTracker queue added:MASTER
2019-05-21 15:36:55.578 UTC INFO [rg1-rn1] MasterBalanceStateTracker queue added:MASTER
2019-05-21 15:36:55.578 UTC INFO [rg1-rn1] TextIndexFeederStateTracker queue added:MASTER
2019-05-21 15:36:55.578 UTC INFO [rg1-rn1] Replicated environment handle established. Cache size: 2350278246, State: MASTER
2019-05-21 15:36:55.579 UTC INFO [rg1-rn1] Store did not contain a topology
2019-05-21 15:36:55.579 UTC INFO [rg1-rn1] MasterBalanceStateTracker thread start: rg1-rn1
2019-05-21 15:36:55.586 UTC INFO [rg1-rn1] Topology needs to be pushed to this node.
2019-05-21 15:36:55.584 UTC INFO [rg1-rn1] MigrationStateTracker thread start: null
2019-05-21 15:36:55.586 UTC INFO [rg1-rn1] Topology not immediately available - waiting
2019-05-21 15:36:55.586 UTC INFO [rg1-rn1] Migration manager change state to MASTER.
2019-05-21 15:36:55.585 UTC INFO [rg1-rn1] TableManagerStateTracker thread start: rg1-rn1
2019-05-21 15:36:55.586 UTC INFO [rg1-rn1] Table manager change state to MASTER
2019-05-21 15:36:55.586 UTC INFO [rg1-rn1] TextIndexFeederStateTracker thread start: rg1-rn1
2019-05-21 15:36:55.590 UTC INFO [rg1-rn1] received state change MASTER
2019-05-21 15:36:55.590 UTC INFO [rg1-rn1] no text index found, skip starting TIF.
2019-05-21 15:36:55.595 UTC INFO [rg1-rn1] Starting Thread[KV table maintenance,5,RMI Runtime]
2019-05-21 15:36:55.598 UTC INFO [rg1-rn1] Migration service accepting requests.
2019-05-21 15:37:00.587 UTC INFO [rg1-rn1] Topology is not ready
2019-05-21 15:37:00.600 UTC INFO [rg1-rn1] Successfully created secure proxy for the user login
2019-05-21 15:37:00.600 UTC INFO [rg1-rn1] Starting RN Login.  Server socket factory:<SSLServerSocketFactory backlog=1024 portRange=0,0 sslControl=SSLControl[ sslParameters=javax.net.ssl.SSLParameters@1d0f273b sslContext=javax.net.ssl.SSLContext@10f166b9 sslAuthenticator=null]> Client socket connect factory: <SSLClientSocketFactory name=kvstore|rn|login id=403961502 connectMs=10000 readMs=10000 kvStoreName=null clientUse=USER>
2019-05-21 15:37:00.619 UTC INFO [rg1-rn1] Starting UserLogin
2019-05-21 15:37:00.619 UTC INFO [rg1-rn1] Service status changed from STARTING to RUNNING
2019-05-21 15:37:00.619 UTC INFO [rg1-rn1] Started RepNodeService
2019-05-21 15:37:01.338 UTC INFO [rg1-rn1] Topology updated from seq#: 0 to 4
2019-05-21 15:37:01.349 UTC INFO [rg1-rn1] Updated signature for topology seq# 4
2019-05-21 15:37:01.354 UTC INFO [rg1-rn1] Environment changed, ignoring trigger for SecurityMetadata
2019-05-21 15:37:01.355 UTC INFO [rg1-rn1] Open SecurityMetadata DB
2019-05-21 15:37:01.357 UTC INFO [rg1-rn1] Established 0 partition database handles, topology seq#: 4
2019-05-21 15:37:01.362 UTC INFO [rg1-rn1] Environment changed, ignoring trigger for TableMetadata
2019-05-21 15:37:01.362 UTC INFO [rg1-rn1] Open TableMetadata DB
2019-05-21 15:37:01.363 UTC INFO [rg1-rn1] Establishing secondary database handles, table seq#: 0
2019-05-21 15:37:01.364 UTC INFO [rg1-rn1] Established 0 secondary database handles
2019-05-21 15:37:01.364 UTC INFO [rg1-rn1] Establishing secondary database handles, table seq#: 0
2019-05-21 15:37:01.376 UTC INFO [rg1-rn1] Topology stored seq#: 4
2019-05-21 15:37:01.379 UTC INFO [rg1-rn1] Updating table metadata with TableMetadata[4, 4, 4]
2019-05-21 15:37:01.385 UTC INFO [rg1-rn1] Environment changed, ignoring trigger for TableMetadata
2019-05-21 15:37:01.385 UTC INFO [rg1-rn1] Metadata stored type: TABLE, seq#: 4
2019-05-21 15:37:01.387 UTC INFO [rg1-rn1] Starting Thread[KV table maintenance,5,RMI Runtime]
2019-05-21 15:37:01.387 UTC INFO [rg1-rn1] Establishing secondary database handles, table seq#: 4
2019-05-21 15:37:01.390 UTC INFO [rg1-rn1] Established 0 secondary database handles
2019-05-21 15:37:01.437 UTC INFO [rg1-rn1] newParameters are identical to old parameters
2019-05-21 15:37:01.482 UTC INFO [rg1-rn1] Topology incrementally updated from seq#: 4 to 14
2019-05-21 15:37:01.485 UTC INFO [rg1-rn1] Updated signature for topology seq# 14
2019-05-21 15:37:01.490 UTC INFO [rg1-rn1] Topology stored seq#: 14
2019-05-21 15:37:01.490 UTC INFO [rg1-rn1] Starting Thread[KV table maintenance,5,RMI Runtime]
2019-05-21 15:37:01.490 UTC INFO [rg1-rn1] Establishing secondary database handles, table seq#: 4
2019-05-21 15:37:01.497 UTC INFO [rg1-rn1] Established 0 secondary database handles
2019-05-21 15:37:01.498 UTC INFO [rg1-rn1] Established 10 partition database handles, topology seq#: 14
2019-05-21 15:37:01.624 UTC INFO [rg1-rn1] Environment changed, ignoring trigger for SecurityMetadata
2019-05-21 15:37:01.624 UTC INFO [rg1-rn1] Metadata stored type: SECURITY, seq#: 1
2019-05-21 15:37:01.624 UTC INFO [rg1-rn1] Security metadata updated from seq#: 0 to 1
2019-05-21 15:37:01.698 UTC INFO [rg1-rn1] Environment changed, ignoring trigger for SecurityMetadata
2019-05-21 15:37:01.698 UTC INFO [rg1-rn1] Metadata stored type: SECURITY, seq#: 2
2019-05-21 15:37:01.699 UTC INFO [rg1-rn1] Attempting to update sessions with metadata change: 2
2019-05-21 15:37:01.728 UTC INFO [rg1-rn1] Establishing RMI connection for admin DDL
2019-05-21 15:37:01.769 UTC INFO [rg1-rn1] Establishing RMI connection for admin DDL
2019-05-21 15:37:01.772 UTC INFO [rg1-rn1] Establishing RMI connection for admin DDL
2019-05-21 15:37:01.775 UTC INFO [rg1-rn1] session cleanup task scheduled to run in 3198 seconds, with period of 3600 seconds
2019-05-21 15:37:01.802 UTC INFO [rg1-rn1] Sessions has been updated with metadata change: 2
2019-05-21 15:37:01.803 UTC INFO [rg1-rn1] Security metadata updated from seq#: 1 to 2
2019-05-21 15:37:45.587 UTC SEC_INFO [rg1-rn1] KVAuditInfo [User: admin, ClientHost: 10.196.54.182, AuthHost: , Operation Desc: LOGIN, Status: SUCCEEDED]
2019-05-21 15:37:50.591 UTC SEC_INFO [rg1-rn1] KVAuditInfo [User: admin, ClientHost: 10.196.54.182, AuthHost: , Operation Desc: LOGIN, Status: SUCCEEDED]
2019-05-21 15:42:54.233 UTC SEC_INFO [rg1-rn1] KVAuditInfo [User: admin, ClientHost: 10.196.54.182, AuthHost: , Operation Desc: LOGIN, Status: SUCCEEDED]
2019-05-21 15:42:55.344 UTC INFO [rg1-rn1] Successful update of table metadata with TableChangeList[5, 1]
2019-05-21 15:42:55.349 UTC INFO [rg1-rn1] Environment changed, ignoring trigger for TableMetadata
2019-05-21 15:42:55.349 UTC INFO [rg1-rn1] Metadata stored type: TABLE, seq#: 5
2019-05-21 15:42:55.350 UTC INFO [rg1-rn1] Starting Thread[KV table maintenance,5,RMI Runtime]
2019-05-21 15:42:55.350 UTC INFO [rg1-rn1] Establishing secondary database handles, table seq#: 5
2019-05-21 15:42:55.352 UTC INFO [rg1-rn1] Established 0 secondary database handles
2019-05-21 16:36:54.745 UTC INFO [rg1-rn1] newGlobalParameters: refreshing global parameters
