2019-05-21 15:36:54.798 UTC INFO [sn1] Starting StorageNodeAgent for kvstore
2019-05-21 15:36:54.837 UTC INFO [sn1] Bound trusted login to registry port 5000 using name SNA with SSF:<SSLServerSocketFactory backlog=1024 portRange=0,0 sslControl=SSLControl[ sslParameters=javax.net.ssl.SSLParameters@1074cc83 sslContext=javax.net.ssl.SSLContext@1bc21fc7 sslAuthenticator=oracle.kv.impl.security.ssl.SSLPatternAuthenticator@74f064bc]>
2019-05-21 15:36:54.847 UTC INFO [sn1] Create collector service and register parameter listeners successfully.
2019-05-21 15:36:54.858 UTC INFO [sn1] Starting MonitorAgent.  Server socket factory:<SSLServerSocketFactory backlog=1024 portRange=0,0 sslControl=SSLControl[ sslParameters=javax.net.ssl.SSLParameters@24c75d30 sslContext=javax.net.ssl.SSLContext@508efac9 sslAuthenticator=null]> Client socket factory:<SSLClientSocketFactory name=kvstore|sn|monitor id=-710446895 connectMs=10000 readMs=5000 kvStoreName=null clientUse=USER>
2019-05-21 15:36:54.860 UTC INFO [sn1] Started MasterRebalanceThread
2019-05-21 15:36:54.878 UTC INFO [sn1] Successfully created secure proxy for the storage node agent
2019-05-21 15:36:54.884 UTC INFO [sn1] Rebound to registry port 5000 using name sn1 with SSF:<SSLServerSocketFactory backlog=1024 portRange=0,0 sslControl=SSLControl[ sslParameters=javax.net.ssl.SSLParameters@24c75d30 sslContext=javax.net.ssl.SSLContext@508efac9 sslAuthenticator=null]>
2019-05-21 15:36:54.884 UTC INFO [sn1] Service status changed from STARTING to RUNNING
2019-05-21 15:36:54.884 UTC INFO [sn1] Started StorageNodeAgent for kvstore
2019-05-21 15:36:54.984 UTC INFO [sn1] Failed to find the internal session for login token 1180296021
2019-05-21 15:36:54.984 UTC INFO [sn1] Internal operation attempt to call StorageNodeAgentInterface.createAdmin(ParameterMap,AuthContext,short) access from 10.196.54.182, accessing with an expired or non-existent login token, will attempt to acquire a new token.
2019-05-21 15:36:54.995 UTC INFO [sn1] admin1: Creating AdminService
2019-05-21 15:36:55.026 UTC INFO [sn1] admin1: Created AdminService
2019-05-21 15:36:55.206 UTC INFO [sn1] rg1-rn1: Creating RepNode
2019-05-21 15:36:55.237 UTC INFO [sn1] rg1-rn1: Starting RepNode
2019-05-21 15:36:55.238 UTC INFO [sn1] rg1-rn1: Started RepNode
2019-05-21 15:36:55.238 UTC INFO [sn1] rg1-rn1: Configuring RepNode
2019-05-21 15:37:00.619 UTC INFO [sn1] Thread returning for service rg1-rn1
2019-05-21 15:37:01.387 UTC INFO [sn1] rg1-rn1: Created RepNode
2019-05-21 15:37:01.596 UTC INFO [sn1] noteState called
2019-05-21 15:37:01.597 UTC INFO [sn1] added:State RN:rg1-rn1 state: MASTER top seq num: 14
2019-05-21 15:37:01.597 UTC INFO [sn1] sn: sn1 state transition: State RN:rg1-rn1 state: MASTER top seq num: 14 active masters:[rg1-rn1] active replicas:0 replica leases:0
2019-05-21 15:37:01.597 UTC INFO [sn1] Acquiring initial topology from RNs
2019-05-21 15:37:01.602 UTC INFO [sn1] Topology acquired from RN: rg1-rn1 Topo seq#: 14
2019-05-21 16:36:54.636 UTC INFO [sn1] newStorageNodeParameters called
2019-05-21 16:36:54.644 UTC INFO [sn1] replaceStorageNodeParams: changing:  {softwareVersion=Parameter[softwareVersion, STRING, 18.1.19]}
2019-05-21 16:36:54.705 UTC INFO [sn1] newGlobalParameters called
2019-05-21 16:36:54.709 UTC INFO [sn1] CollectorService: JMXCollectorAgent stop.
